Using pre-set license
Built from '2020.2/release' branch; Version is '2020.2.1f1 (270dd8c3da1c) revision 2559448'; Using compiler version '192528614'; Build Type 'Release'
OS: 'Windows 10  (10.0.0) 64bit' Language: 'en' Physical Memory: 16284 MB
BatchMode: 1, IsHumanControllingUs: 0, StartBugReporterOnCrash: 0, Is64bit: 1, IsPro: 0

 COMMAND LINE ARGUMENTS:
C:\Program Files\Unity\Hub\Editor\2020.2.1f1\Editor\Unity.exe
-adb2
-batchMode
-noUpm
-name
AssetImportWorker0
-projectPath
E:/Work/CubeSurferClone/Cube-Surfer-Clone-Repo/CubeSurferClone
-logFile
Logs/AssetImportWorker0.log
-srvPort
63200
Successfully changed project path to: E:/Work/CubeSurferClone/Cube-Surfer-Clone-Repo/CubeSurferClone
E:/Work/CubeSurferClone/Cube-Surfer-Clone-Repo/CubeSurferClone
Using Asset Import Pipeline V2.
Refreshing native plugins compatible for Editor in 25.39 ms, found 0 plugins.
Preloading 0 native plugins for Editor in 0.00 ms.
Initialize engine version: 2020.2.1f1 (270dd8c3da1c)
[Subsystems] Discovering subsystems at path C:/Program Files/Unity/Hub/Editor/2020.2.1f1/Editor/Data/Resources/UnitySubsystems
[Subsystems] Discovering subsystems at path E:/Work/CubeSurferClone/Cube-Surfer-Clone-Repo/CubeSurferClone/Assets
GfxDevice: creating device client; threaded=0
Direct3D:
    Version:  Direct3D 11.0 [level 11.1]
    Renderer: NVIDIA GeForce GTX 1070 (ID=0x1b81)
    Vendor:   
    VRAM:     8088 MB
    Driver:   27.21.14.5671
Initialize mono
Mono path[0] = 'C:/Program Files/Unity/Hub/Editor/2020.2.1f1/Editor/Data/Managed'
Mono path[1] = 'C:/Program Files/Unity/Hub/Editor/2020.2.1f1/Editor/Data/MonoBleedingEdge/lib/mono/unityjit'
Mono config path = 'C:/Program Files/Unity/Hub/Editor/2020.2.1f1/Editor/Data/MonoBleedingEdge/etc'
Using monoOptions --debugger-agent=transport=dt_socket,embedding=1,server=y,suspend=n,address=127.0.0.1:56960
Begin MonoManager ReloadAssembly
Registering precompiled unity dll's ...
Register platform support module: C:/Program Files/Unity/Hub/Editor/2020.2.1f1/Editor/Data/PlaybackEngines/WebGLSupport/UnityEditor.WebGL.Extensions.dll
Register platform support module: C:/Program Files/Unity/Hub/Editor/2020.2.1f1/Editor/Data/PlaybackEngines/WindowsStandaloneSupport/UnityEditor.WindowsStandalone.Extensions.dll
Registered in 0.005461 seconds.
Native extension for WindowsStandalone target not found
Native extension for WebGL target not found
Refreshing native plugins compatible for Editor in 27.54 ms, found 0 plugins.
Preloading 0 native plugins for Editor in 0.00 ms.
Invoked RoslynAnalysisRunner static constructor.
RoslynAnalysisRunner will not be running.
RoslynAnalysisRunner has terminated.
Mono: successfully reloaded assembly
- Completed reload, in  3.176 seconds
Platform modules already initialized, skipping
Registering precompiled user dll's ...
Registered in 0.000852 seconds.
Begin MonoManager ReloadAssembly
Native extension for WindowsStandalone target not found
Native extension for WebGL target not found
Refreshing native plugins compatible for Editor in 0.28 ms, found 0 plugins.
Preloading 0 native plugins for Editor in 0.00 ms.
Invoked RoslynAnalysisRunner static constructor.
RoslynAnalysisRunner will not be running.
RoslynAnalysisRunner has terminated.
Mono: successfully reloaded assembly
- Completed reload, in  1.017 seconds
Platform modules already initialized, skipping
========================================================================
Worker process is ready to serve import requests
Launched and connected shader compiler UnityShaderCompiler.exe after 0.04 seconds
Refreshing native plugins compatible for Editor in 0.26 ms, found 0 plugins.
Preloading 0 native plugins for Editor in 0.00 ms.
Unloading 1152 Unused Serialized files (Serialized files now loaded: 0)
System memory in use before: 59.4 MB.
System memory in use after: 59.4 MB.

Unloading 10 unused Assets to reduce memory usage. Loaded Objects now: 1593.
Total: 1.871100 ms (FindLiveObjects: 0.163800 ms CreateObjectMapping: 0.044400 ms MarkObjects: 1.586800 ms  DeleteObjects: 0.075100 ms)

========================================================================
Received Import Request.
  path: Assets/Scripts/Camera/CameraFollow.cs
  artifactKey: Guid(bb91058f8419a4c4c86e06b992e9353b) Importer(815301076,1909f56bfc062723c751e8b465ee728b)
Start importing Assets/Scripts/Camera/CameraFollow.cs using Guid(bb91058f8419a4c4c86e06b992e9353b) Importer(815301076,1909f56bfc062723c751e8b465ee728b)  -> (artifact id: '39963374aeab7e8a07a9b6aa528ca873') in 0.036879 seconds
  Import took 0.042981 seconds .

========================================================================
Received Import Request.
  Time since last request: 169.731866 seconds.
  path: Assets/Scripts/Camera/CameraFollow.cs
  artifactKey: Guid(bb91058f8419a4c4c86e06b992e9353b) Importer(815301076,1909f56bfc062723c751e8b465ee728b)
Start importing Assets/Scripts/Camera/CameraFollow.cs using Guid(bb91058f8419a4c4c86e06b992e9353b) Importer(815301076,1909f56bfc062723c751e8b465ee728b)  -> (artifact id: 'b283de783b91db249788e56b82c52cc0') in 0.002644 seconds
  Import took 0.006122 seconds .

========================================================================
Received Prepare
Registering precompiled user dll's ...
Registered in 0.000763 seconds.
Begin MonoManager ReloadAssembly
Native extension for WindowsStandalone target not found
Native extension for WebGL target not found
Refreshing native plugins compatible for Editor in 0.29 ms, found 0 plugins.
Preloading 0 native plugins for Editor in 0.00 ms.
Invoked RoslynAnalysisRunner static constructor.
RoslynAnalysisRunner will not be running.
RoslynAnalysisRunner has terminated.
Mono: successfully reloaded assembly
- Completed reload, in  0.976 seconds
Platform modules already initialized, skipping
Refreshing native plugins compatible for Editor in 0.31 ms, found 0 plugins.
Preloading 0 native plugins for Editor in 0.00 ms.
Unloading 1136 Unused Serialized files (Serialized files now loaded: 0)
System memory in use before: 58.8 MB.
System memory in use after: 58.9 MB.

Unloading 5 unused Assets to reduce memory usage. Loaded Objects now: 1595.
Total: 1.793100 ms (FindLiveObjects: 0.163600 ms CreateObjectMapping: 0.042100 ms MarkObjects: 1.530500 ms  DeleteObjects: 0.055800 ms)

========================================================================
Received Prepare
Registering precompiled user dll's ...
Registered in 0.000886 seconds.
Begin MonoManager ReloadAssembly
Native extension for WindowsStandalone target not found
Native extension for WebGL target not found
Refreshing native plugins compatible for Editor in 0.27 ms, found 0 plugins.
Preloading 0 native plugins for Editor in 0.00 ms.
Invoked RoslynAnalysisRunner static constructor.
RoslynAnalysisRunner will not be running.
RoslynAnalysisRunner has terminated.
Mono: successfully reloaded assembly
- Completed reload, in  0.971 seconds
Platform modules already initialized, skipping
Refreshing native plugins compatible for Editor in 0.29 ms, found 0 plugins.
Preloading 0 native plugins for Editor in 0.00 ms.
Unloading 1137 Unused Serialized files (Serialized files now loaded: 0)
System memory in use before: 59.2 MB.
System memory in use after: 59.2 MB.

Unloading 5 unused Assets to reduce memory usage. Loaded Objects now: 1597.
Total: 1.742200 ms (FindLiveObjects: 0.142900 ms CreateObjectMapping: 0.038700 ms MarkObjects: 1.488500 ms  DeleteObjects: 0.071100 ms)

========================================================================
Received Prepare
Registering precompiled user dll's ...
Registered in 0.000949 seconds.
Begin MonoManager ReloadAssembly
Native extension for WindowsStandalone target not found
Native extension for WebGL target not found
Refreshing native plugins compatible for Editor in 0.28 ms, found 0 plugins.
Preloading 0 native plugins for Editor in 0.00 ms.
Invoked RoslynAnalysisRunner static constructor.
RoslynAnalysisRunner will not be running.
RoslynAnalysisRunner has terminated.
Mono: successfully reloaded assembly
- Completed reload, in  0.997 seconds
Platform modules already initialized, skipping
Refreshing native plugins compatible for Editor in 0.28 ms, found 0 plugins.
Preloading 0 native plugins for Editor in 0.00 ms.
Unloading 1137 Unused Serialized files (Serialized files now loaded: 0)
System memory in use before: 59.4 MB.
System memory in use after: 59.5 MB.

Unloading 5 unused Assets to reduce memory usage. Loaded Objects now: 1599.
Total: 1.887000 ms (FindLiveObjects: 0.183800 ms CreateObjectMapping: 0.038500 ms MarkObjects: 1.611000 ms  DeleteObjects: 0.052400 ms)

========================================================================
Received Import Request.
  Time since last request: 987.583814 seconds.
  path: Assets/Scripts/Level/SpawnEntity.cs
  artifactKey: Guid(823108698b9a46b4395a4ece31d3b456) Importer(815301076,1909f56bfc062723c751e8b465ee728b)
Start importing Assets/Scripts/Level/SpawnEntity.cs using Guid(823108698b9a46b4395a4ece31d3b456) Importer(815301076,1909f56bfc062723c751e8b465ee728b)  -> (artifact id: '470c130fb7fac711574bf3724fc84b8e') in 0.011209 seconds
  Import took 0.013971 seconds .

========================================================================
Received Import Request.
  Time since last request: 0.018405 seconds.
  path: Assets/Scripts/Level/SpawnEntity.cs
  artifactKey: Guid(823108698b9a46b4395a4ece31d3b456) Importer(815301076,1909f56bfc062723c751e8b465ee728b)
Start importing Assets/Scripts/Level/SpawnEntity.cs using Guid(823108698b9a46b4395a4ece31d3b456) Importer(815301076,1909f56bfc062723c751e8b465ee728b)  -> (artifact id: '470c130fb7fac711574bf3724fc84b8e') in 0.002757 seconds
  Import took 0.005475 seconds .

========================================================================
Received Import Request.
  Time since last request: 5.704137 seconds.
  path: Assets/Scripts/Obstacles/PitObstacle.cs
  artifactKey: Guid(0e8f96f3fc1045140b8b8b2e3a3cc6f8) Importer(815301076,1909f56bfc062723c751e8b465ee728b)
Start importing Assets/Scripts/Obstacles/PitObstacle.cs using Guid(0e8f96f3fc1045140b8b8b2e3a3cc6f8) Importer(815301076,1909f56bfc062723c751e8b465ee728b)  -> (artifact id: 'df21d0a18382205b10eb4a5cab7f90b0') in 0.007195 seconds
  Import took 0.009753 seconds .

========================================================================
Received Import Request.
  Time since last request: 0.405829 seconds.
  path: Assets/Scripts/Obstacles/Obstacle.cs
  artifactKey: Guid(68d177533b43558448316cea6c26af48) Importer(815301076,1909f56bfc062723c751e8b465ee728b)
Start importing Assets/Scripts/Obstacles/Obstacle.cs using Guid(68d177533b43558448316cea6c26af48) Importer(815301076,1909f56bfc062723c751e8b465ee728b)  -> (artifact id: '8090a3ef507d875bb637b1a62476158e') in 0.007221 seconds
  Import took 0.012039 seconds .

========================================================================
Received Prepare
Registering precompiled user dll's ...
Registered in 0.000829 seconds.
Begin MonoManager ReloadAssembly
Native extension for WindowsStandalone target not found
Native extension for WebGL target not found
Refreshing native plugins compatible for Editor in 0.29 ms, found 0 plugins.
Preloading 0 native plugins for Editor in 0.00 ms.
Invoked RoslynAnalysisRunner static constructor.
RoslynAnalysisRunner will not be running.
RoslynAnalysisRunner has terminated.
Mono: successfully reloaded assembly
- Completed reload, in  1.077 seconds
Platform modules already initialized, skipping
Refreshing native plugins compatible for Editor in 0.47 ms, found 0 plugins.
Preloading 0 native plugins for Editor in 0.00 ms.
Unloading 1137 Unused Serialized files (Serialized files now loaded: 0)
System memory in use before: 59.8 MB.
System memory in use after: 59.8 MB.

Unloading 5 unused Assets to reduce memory usage. Loaded Objects now: 1601.
Total: 2.151800 ms (FindLiveObjects: 0.167500 ms CreateObjectMapping: 0.042000 ms MarkObjects: 1.876700 ms  DeleteObjects: 0.064100 ms)

========================================================================
Received Import Request.
  Time since last request: 214.677278 seconds.
  path: Assets/Scripts/Obstacles/PitObstacle.cs
  artifactKey: Guid(0e8f96f3fc1045140b8b8b2e3a3cc6f8) Importer(815301076,1909f56bfc062723c751e8b465ee728b)
Start importing Assets/Scripts/Obstacles/PitObstacle.cs using Guid(0e8f96f3fc1045140b8b8b2e3a3cc6f8) Importer(815301076,1909f56bfc062723c751e8b465ee728b)  -> (artifact id: 'f0cded403fa8d24b293e3358aa4fb565') in 0.005118 seconds
  Import took 0.010005 seconds .

========================================================================
Received Prepare
Registering precompiled user dll's ...
Registered in 0.000972 seconds.
Begin MonoManager ReloadAssembly
Native extension for WindowsStandalone target not found
Native extension for WebGL target not found
Refreshing native plugins compatible for Editor in 0.29 ms, found 0 plugins.
Preloading 0 native plugins for Editor in 0.00 ms.
Invoked RoslynAnalysisRunner static constructor.
RoslynAnalysisRunner will not be running.
RoslynAnalysisRunner has terminated.
Mono: successfully reloaded assembly
- Completed reload, in  1.059 seconds
Platform modules already initialized, skipping
Refreshing native plugins compatible for Editor in 0.28 ms, found 0 plugins.
Preloading 0 native plugins for Editor in 0.00 ms.
Unloading 1137 Unused Serialized files (Serialized files now loaded: 0)
System memory in use before: 60.1 MB.
System memory in use after: 60.2 MB.

Unloading 5 unused Assets to reduce memory usage. Loaded Objects now: 1603.
Total: 2.214700 ms (FindLiveObjects: 0.337500 ms CreateObjectMapping: 0.067500 ms MarkObjects: 1.753500 ms  DeleteObjects: 0.054900 ms)

========================================================================
Received Import Request.
  Time since last request: 98.692659 seconds.
  path: Assets/Scripts/Obstacles/PitObstacle.cs
  artifactKey: Guid(0e8f96f3fc1045140b8b8b2e3a3cc6f8) Importer(815301076,1909f56bfc062723c751e8b465ee728b)
Start importing Assets/Scripts/Obstacles/PitObstacle.cs using Guid(0e8f96f3fc1045140b8b8b2e3a3cc6f8) Importer(815301076,1909f56bfc062723c751e8b465ee728b)  -> (artifact id: 'f25c9af928a25ce824fa5871b8233cd5') in 0.005153 seconds
  Import took 0.009986 seconds .

========================================================================
Received Prepare
Registering precompiled user dll's ...
Registered in 0.000897 seconds.
Begin MonoManager ReloadAssembly
Native extension for WindowsStandalone target not found
Native extension for WebGL target not found
Refreshing native plugins compatible for Editor in 0.30 ms, found 0 plugins.
Preloading 0 native plugins for Editor in 0.00 ms.
Invoked RoslynAnalysisRunner static constructor.
RoslynAnalysisRunner will not be running.
RoslynAnalysisRunner has terminated.
Mono: successfully reloaded assembly
- Completed reload, in  1.066 seconds
Platform modules already initialized, skipping
Refreshing native plugins compatible for Editor in 0.28 ms, found 0 plugins.
Preloading 0 native plugins for Editor in 0.00 ms.
Unloading 1137 Unused Serialized files (Serialized files now loaded: 0)
System memory in use before: 60.4 MB.
System memory in use after: 60.5 MB.

Unloading 5 unused Assets to reduce memory usage. Loaded Objects now: 1605.
Total: 1.986200 ms (FindLiveObjects: 0.234400 ms CreateObjectMapping: 0.041600 ms MarkObjects: 1.645400 ms  DeleteObjects: 0.063300 ms)

========================================================================
Received Prepare
Registering precompiled user dll's ...
Registered in 0.001074 seconds.
Begin MonoManager ReloadAssembly
Native extension for WindowsStandalone target not found
Native extension for WebGL target not found
Refreshing native plugins compatible for Editor in 0.30 ms, found 0 plugins.
Preloading 0 native plugins for Editor in 0.00 ms.
Invoked RoslynAnalysisRunner static constructor.
RoslynAnalysisRunner will not be running.
RoslynAnalysisRunner has terminated.
Mono: successfully reloaded assembly
- Completed reload, in  1.083 seconds
Platform modules already initialized, skipping
Refreshing native plugins compatible for Editor in 0.31 ms, found 0 plugins.
Preloading 0 native plugins for Editor in 0.00 ms.
Unloading 1137 Unused Serialized files (Serialized files now loaded: 0)
System memory in use before: 60.4 MB.
System memory in use after: 60.5 MB.

Unloading 5 unused Assets to reduce memory usage. Loaded Objects now: 1607.
Total: 1.874200 ms (FindLiveObjects: 0.149000 ms CreateObjectMapping: 0.038700 ms MarkObjects: 1.627500 ms  DeleteObjects: 0.057600 ms)

========================================================================
Received Import Request.
  Time since last request: 160.955215 seconds.
  path: Assets/Scripts/Path/PathSpawnerEditor.cs
  artifactKey: Guid(b8223314683f36041bb5ed9c373081e2) Importer(815301076,1909f56bfc062723c751e8b465ee728b)
Start importing Assets/Scripts/Path/PathSpawnerEditor.cs using Guid(b8223314683f36041bb5ed9c373081e2) Importer(815301076,1909f56bfc062723c751e8b465ee728b)  -> (artifact id: '6a006043c77b36843097a6e61e2847ed') in 0.009248 seconds
  Import took 0.014282 seconds .

========================================================================
Received Prepare
Registering precompiled user dll's ...
Registered in 0.000956 seconds.
Begin MonoManager ReloadAssembly
Native extension for WindowsStandalone target not found
Native extension for WebGL target not found
Refreshing native plugins compatible for Editor in 0.29 ms, found 0 plugins.
Preloading 0 native plugins for Editor in 0.00 ms.
Invoked RoslynAnalysisRunner static constructor.
RoslynAnalysisRunner will not be running.
RoslynAnalysisRunner has terminated.
Mono: successfully reloaded assembly
- Completed reload, in  1.122 seconds
Platform modules already initialized, skipping
Refreshing native plugins compatible for Editor in 0.27 ms, found 0 plugins.
Preloading 0 native plugins for Editor in 0.00 ms.
Unloading 1137 Unused Serialized files (Serialized files now loaded: 0)
System memory in use before: 60.0 MB.
System memory in use after: 60.1 MB.

Unloading 5 unused Assets to reduce memory usage. Loaded Objects now: 1609.
Total: 1.920300 ms (FindLiveObjects: 0.152400 ms CreateObjectMapping: 0.039300 ms MarkObjects: 1.673500 ms  DeleteObjects: 0.054000 ms)

========================================================================
Received Import Request.
  Time since last request: 165.781351 seconds.
  path: Assets/Scripts/Path/PathSpawnerTest.cs
  artifactKey: Guid(d185796dde711274489dd0e3e62d0a3a) Importer(815301076,1909f56bfc062723c751e8b465ee728b)
Start importing Assets/Scripts/Path/PathSpawnerTest.cs using Guid(d185796dde711274489dd0e3e62d0a3a) Importer(815301076,1909f56bfc062723c751e8b465ee728b)  -> (artifact id: 'ded2427577c8ecc0ba976d463b48355c') in 0.004701 seconds
  Import took 0.006983 seconds .

========================================================================
Received Prepare
Registering precompiled user dll's ...
Registered in 0.000853 seconds.
Begin MonoManager ReloadAssembly
Native extension for WindowsStandalone target not found
Native extension for WebGL target not found
Refreshing native plugins compatible for Editor in 0.28 ms, found 0 plugins.
Preloading 0 native plugins for Editor in 0.00 ms.
Invoked RoslynAnalysisRunner static constructor.
RoslynAnalysisRunner will not be running.
RoslynAnalysisRunner has terminated.
Mono: successfully reloaded assembly
- Completed reload, in  1.193 seconds
Platform modules already initialized, skipping
Refreshing native plugins compatible for Editor in 0.29 ms, found 0 plugins.
Preloading 0 native plugins for Editor in 0.00 ms.
Unloading 1137 Unused Serialized files (Serialized files now loaded: 0)
System memory in use before: 60.3 MB.
System memory in use after: 60.4 MB.

Unloading 5 unused Assets to reduce memory usage. Loaded Objects now: 1611.
Total: 1.846000 ms (FindLiveObjects: 0.206000 ms CreateObjectMapping: 0.043800 ms MarkObjects: 1.542200 ms  DeleteObjects: 0.052700 ms)

========================================================================
Received Prepare
Registering precompiled user dll's ...
Registered in 0.000949 seconds.
Begin MonoManager ReloadAssembly
Native extension for WindowsStandalone target not found
Native extension for WebGL target not found
Refreshing native plugins compatible for Editor in 0.32 ms, found 0 plugins.
Preloading 0 native plugins for Editor in 0.00 ms.
Invoked RoslynAnalysisRunner static constructor.
RoslynAnalysisRunner will not be running.
RoslynAnalysisRunner has terminated.
Mono: successfully reloaded assembly
- Completed reload, in  1.217 seconds
Platform modules already initialized, skipping
Refreshing native plugins compatible for Editor in 0.27 ms, found 0 plugins.
Preloading 0 native plugins for Editor in 0.00 ms.
Unloading 1137 Unused Serialized files (Serialized files now loaded: 0)
System memory in use before: 60.4 MB.
System memory in use after: 60.5 MB.

Unloading 5 unused Assets to reduce memory usage. Loaded Objects now: 1613.
Total: 2.062300 ms (FindLiveObjects: 0.296200 ms CreateObjectMapping: 0.078100 ms MarkObjects: 1.633000 ms  DeleteObjects: 0.053800 ms)

========================================================================
Received Import Request.
  Time since last request: 43.599701 seconds.
  path: Assets/Scripts/Path/Spawner
  artifactKey: Guid(1e0b8be8c72f91447a6acb02aaed4742) Importer(815301076,1909f56bfc062723c751e8b465ee728b)
Start importing Assets/Scripts/Path/Spawner using Guid(1e0b8be8c72f91447a6acb02aaed4742) Importer(815301076,1909f56bfc062723c751e8b465ee728b)  -> (artifact id: '384a10320a27e29196d84a090f2abb49') in 0.009574 seconds
  Import took 0.012392 seconds .

========================================================================
Received Import Request.
  Time since last request: 1.671211 seconds.
  path: Assets/Scripts/Path/PathFollowerTest.cs
  artifactKey: Guid(9222bee245c7b2542a77253ffe8f760e) Importer(815301076,1909f56bfc062723c751e8b465ee728b)
Start importing Assets/Scripts/Path/PathFollowerTest.cs using Guid(9222bee245c7b2542a77253ffe8f760e) Importer(815301076,1909f56bfc062723c751e8b465ee728b)  -> (artifact id: 'f54c81aca995dabf046c313b79ef5dbd') in 0.006708 seconds
  Import took 0.011399 seconds .

========================================================================
Received Import Request.
  Time since last request: 0.024206 seconds.
  path: Assets/Scripts/Path/PathFollowerTest.cs
  artifactKey: Guid(9222bee245c7b2542a77253ffe8f760e) Importer(815301076,1909f56bfc062723c751e8b465ee728b)
Start importing Assets/Scripts/Path/PathFollowerTest.cs using Guid(9222bee245c7b2542a77253ffe8f760e) Importer(815301076,1909f56bfc062723c751e8b465ee728b)  -> (artifact id: 'f54c81aca995dabf046c313b79ef5dbd') in 0.002646 seconds
  Import took 0.005295 seconds .

========================================================================
Received Prepare
Registering precompiled user dll's ...
Registered in 0.000872 seconds.
Begin MonoManager ReloadAssembly
Native extension for WindowsStandalone target not found
Native extension for WebGL target not found
Refreshing native plugins compatible for Editor in 0.29 ms, found 0 plugins.
Preloading 0 native plugins for Editor in 0.00 ms.
Invoked RoslynAnalysisRunner static constructor.
RoslynAnalysisRunner will not be running.
RoslynAnalysisRunner has terminated.
Mono: successfully reloaded assembly
- Completed reload, in  1.251 seconds
Platform modules already initialized, skipping
Refreshing native plugins compatible for Editor in 0.28 ms, found 0 plugins.
Preloading 0 native plugins for Editor in 0.00 ms.
Unloading 1137 Unused Serialized files (Serialized files now loaded: 0)
System memory in use before: 59.9 MB.
System memory in use after: 60.0 MB.

Unloading 5 unused Assets to reduce memory usage. Loaded Objects now: 1615.
Total: 1.837400 ms (FindLiveObjects: 0.151900 ms CreateObjectMapping: 0.040500 ms MarkObjects: 1.581200 ms  DeleteObjects: 0.062900 ms)

========================================================================
Received Import Request.
  Time since last request: 15.839965 seconds.
  path: Assets/Scripts/Path/Spawner/Editor
  artifactKey: Guid(98d3e69ce0e04a24c9fb7f7257f668d0) Importer(815301076,1909f56bfc062723c751e8b465ee728b)
Start importing Assets/Scripts/Path/Spawner/Editor using Guid(98d3e69ce0e04a24c9fb7f7257f668d0) Importer(815301076,1909f56bfc062723c751e8b465ee728b)  -> (artifact id: '67080e534aa3d11ec6ee15027812f6da') in 0.009492 seconds
  Import took 0.014254 seconds .

========================================================================
Received Prepare
Registering precompiled user dll's ...
Registered in 0.000993 seconds.
Begin MonoManager ReloadAssembly
Native extension for WindowsStandalone target not found
Native extension for WebGL target not found
Refreshing native plugins compatible for Editor in 0.29 ms, found 0 plugins.
Preloading 0 native plugins for Editor in 0.00 ms.
Invoked RoslynAnalysisRunner static constructor.
RoslynAnalysisRunner will not be running.
RoslynAnalysisRunner has terminated.
Mono: successfully reloaded assembly
- Completed reload, in  1.205 seconds
Platform modules already initialized, skipping
Refreshing native plugins compatible for Editor in 0.28 ms, found 0 plugins.
Preloading 0 native plugins for Editor in 0.00 ms.
Unloading 1137 Unused Serialized files (Serialized files now loaded: 0)
System memory in use before: 60.2 MB.
System memory in use after: 60.3 MB.

Unloading 5 unused Assets to reduce memory usage. Loaded Objects now: 1617.
Total: 1.731400 ms (FindLiveObjects: 0.143000 ms CreateObjectMapping: 0.039600 ms MarkObjects: 1.491100 ms  DeleteObjects: 0.056700 ms)

========================================================================
Received Prepare
Registering precompiled user dll's ...
Registered in 0.000938 seconds.
Begin MonoManager ReloadAssembly
Native extension for WindowsStandalone target not found
Native extension for WebGL target not found
Refreshing native plugins compatible for Editor in 0.30 ms, found 0 plugins.
Preloading 0 native plugins for Editor in 0.00 ms.
Invoked RoslynAnalysisRunner static constructor.
RoslynAnalysisRunner will not be running.
RoslynAnalysisRunner has terminated.
Mono: successfully reloaded assembly
- Completed reload, in  1.228 seconds
Platform modules already initialized, skipping
Refreshing native plugins compatible for Editor in 0.29 ms, found 0 plugins.
Preloading 0 native plugins for Editor in 0.00 ms.
Unloading 1137 Unused Serialized files (Serialized files now loaded: 0)
System memory in use before: 60.5 MB.
System memory in use after: 60.5 MB.

Unloading 5 unused Assets to reduce memory usage. Loaded Objects now: 1619.
Total: 1.812600 ms (FindLiveObjects: 0.176800 ms CreateObjectMapping: 0.043500 ms MarkObjects: 1.536500 ms  DeleteObjects: 0.054800 ms)

========================================================================
Received Import Request.
  Time since last request: 19.262059 seconds.
  path: Assets/Scripts/Player/Surfer.cs
  artifactKey: Guid(194b2fc3245a1c94489b5c46f61dbbfa) Importer(815301076,1909f56bfc062723c751e8b465ee728b)
Start importing Assets/Scripts/Player/Surfer.cs using Guid(194b2fc3245a1c94489b5c46f61dbbfa) Importer(815301076,1909f56bfc062723c751e8b465ee728b)  -> (artifact id: '04835750920035f969d64d6aad30efcd') in 0.008572 seconds
  Import took 0.011081 seconds .

========================================================================
Received Prepare
Registering precompiled user dll's ...
Registered in 0.000924 seconds.
Begin MonoManager ReloadAssembly
Native extension for WindowsStandalone target not found
Native extension for WebGL target not found
Refreshing native plugins compatible for Editor in 0.31 ms, found 0 plugins.
Preloading 0 native plugins for Editor in 0.00 ms.
Invoked RoslynAnalysisRunner static constructor.
RoslynAnalysisRunner will not be running.
RoslynAnalysisRunner has terminated.
Mono: successfully reloaded assembly
- Completed reload, in  1.197 seconds
Platform modules already initialized, skipping
Refreshing native plugins compatible for Editor in 0.27 ms, found 0 plugins.
Preloading 0 native plugins for Editor in 0.00 ms.
Unloading 1137 Unused Serialized files (Serialized files now loaded: 0)
System memory in use before: 59.8 MB.
System memory in use after: 59.8 MB.

Unloading 5 unused Assets to reduce memory usage. Loaded Objects now: 1621.
Total: 1.934800 ms (FindLiveObjects: 0.279700 ms CreateObjectMapping: 0.082300 ms MarkObjects: 1.517300 ms  DeleteObjects: 0.054100 ms)

========================================================================
Received Import Request.
  Time since last request: 137.178116 seconds.
  path: Assets/Scripts/Player/PlayerController.cs
  artifactKey: Guid(cd7c977b9591d5448922941d50155c5c) Importer(815301076,1909f56bfc062723c751e8b465ee728b)
Start importing Assets/Scripts/Player/PlayerController.cs using Guid(cd7c977b9591d5448922941d50155c5c) Importer(815301076,1909f56bfc062723c751e8b465ee728b)  -> (artifact id: 'f1510b0caafe163c403debd7ea58cf28') in 0.004969 seconds
  Import took 0.007477 seconds .

========================================================================
Received Prepare
Registering precompiled user dll's ...
Registered in 0.000858 seconds.
Begin MonoManager ReloadAssembly
Native extension for WindowsStandalone target not found
Native extension for WebGL target not found
Refreshing native plugins compatible for Editor in 0.26 ms, found 0 plugins.
Preloading 0 native plugins for Editor in 0.00 ms.
Invoked RoslynAnalysisRunner static constructor.
RoslynAnalysisRunner will not be running.
RoslynAnalysisRunner has terminated.
Mono: successfully reloaded assembly
- Completed reload, in  1.215 seconds
Platform modules already initialized, skipping
Refreshing native plugins compatible for Editor in 0.29 ms, found 0 plugins.
Preloading 0 native plugins for Editor in 0.00 ms.
Unloading 1137 Unused Serialized files (Serialized files now loaded: 0)
System memory in use before: 60.1 MB.
System memory in use after: 60.1 MB.

Unloading 5 unused Assets to reduce memory usage. Loaded Objects now: 1623.
Total: 2.088900 ms (FindLiveObjects: 0.193800 ms CreateObjectMapping: 0.044500 ms MarkObjects: 1.798700 ms  DeleteObjects: 0.051200 ms)

========================================================================
Received Import Request.
  Time since last request: 870.508743 seconds.
  path: Assets/Scripts/Player/Surfer.cs
  artifactKey: Guid(194b2fc3245a1c94489b5c46f61dbbfa) Importer(815301076,1909f56bfc062723c751e8b465ee728b)
Start importing Assets/Scripts/Player/Surfer.cs using Guid(194b2fc3245a1c94489b5c46f61dbbfa) Importer(815301076,1909f56bfc062723c751e8b465ee728b)  -> (artifact id: '7db9ada2aefa28aa97cadff3b9096380') in 0.004730 seconds
  Import took 0.007323 seconds .

========================================================================
Received Prepare
Registering precompiled user dll's ...
Registered in 0.000881 seconds.
Begin MonoManager ReloadAssembly
Native extension for WindowsStandalone target not found
Native extension for WebGL target not found
Refreshing native plugins compatible for Editor in 0.27 ms, found 0 plugins.
Preloading 0 native plugins for Editor in 0.00 ms.
Invoked RoslynAnalysisRunner static constructor.
RoslynAnalysisRunner will not be running.
RoslynAnalysisRunner has terminated.
Mono: successfully reloaded assembly
- Completed reload, in  1.224 seconds
Platform modules already initialized, skipping
Refreshing native plugins compatible for Editor in 0.29 ms, found 0 plugins.
Preloading 0 native plugins for Editor in 0.00 ms.
Unloading 1137 Unused Serialized files (Serialized files now loaded: 0)
System memory in use before: 60.4 MB.
System memory in use after: 60.4 MB.

Unloading 5 unused Assets to reduce memory usage. Loaded Objects now: 1625.
Total: 1.855400 ms (FindLiveObjects: 0.155000 ms CreateObjectMapping: 0.042900 ms MarkObjects: 1.599500 ms  DeleteObjects: 0.056700 ms)

========================================================================
Received Import Request.
  Time since last request: 19.664236 seconds.
  path: Assets/Scripts/PowerUps/Coin.cs
  artifactKey: Guid(2776f839474210b4eb6c807c65694567) Importer(815301076,1909f56bfc062723c751e8b465ee728b)
Start importing Assets/Scripts/PowerUps/Coin.cs using Guid(2776f839474210b4eb6c807c65694567) Importer(815301076,1909f56bfc062723c751e8b465ee728b)  -> (artifact id: 'b30be941d90f3f4b6a7ef0adef1b0619') in 0.009308 seconds
  Import took 0.011788 seconds .

========================================================================
Received Prepare
Registering precompiled user dll's ...
Registered in 0.001273 seconds.
Begin MonoManager ReloadAssembly
Native extension for WindowsStandalone target not found
Native extension for WebGL target not found
Refreshing native plugins compatible for Editor in 0.28 ms, found 0 plugins.
Preloading 0 native plugins for Editor in 0.00 ms.
Invoked RoslynAnalysisRunner static constructor.
RoslynAnalysisRunner will not be running.
RoslynAnalysisRunner has terminated.
Mono: successfully reloaded assembly
- Completed reload, in  1.263 seconds
Platform modules already initialized, skipping
Refreshing native plugins compatible for Editor in 0.29 ms, found 0 plugins.
Preloading 0 native plugins for Editor in 0.00 ms.
Unloading 1137 Unused Serialized files (Serialized files now loaded: 0)
System memory in use before: 60.5 MB.
System memory in use after: 60.5 MB.

Unloading 5 unused Assets to reduce memory usage. Loaded Objects now: 1627.
Total: 2.031600 ms (FindLiveObjects: 0.194300 ms CreateObjectMapping: 0.044700 ms MarkObjects: 1.733400 ms  DeleteObjects: 0.057600 ms)

========================================================================
Received Import Request.
  Time since last request: 46.645674 seconds.
  path: Assets/Scripts/PowerUps/HeightBlock.cs
  artifactKey: Guid(d63eb25a6401df34dbec9300dc4a3093) Importer(815301076,1909f56bfc062723c751e8b465ee728b)
Start importing Assets/Scripts/PowerUps/HeightBlock.cs using Guid(d63eb25a6401df34dbec9300dc4a3093) Importer(815301076,1909f56bfc062723c751e8b465ee728b)  -> (artifact id: '2b7389a81e48719110db0fc42404ffb7') in 0.008743 seconds
  Import took 0.013742 seconds .

========================================================================
Received Import Request.
  Time since last request: 0.454912 seconds.
  path: Assets/Scripts/UI/PingPong.cs
  artifactKey: Guid(c7f0b1701af858e4997a705b041e2603) Importer(815301076,1909f56bfc062723c751e8b465ee728b)
Start importing Assets/Scripts/UI/PingPong.cs using Guid(c7f0b1701af858e4997a705b041e2603) Importer(815301076,1909f56bfc062723c751e8b465ee728b)  -> (artifact id: '96f7180ad40d18c9e45e0caabb8bc56b') in 0.007705 seconds
  Import took 0.012996 seconds .

========================================================================
Received Prepare
Registering precompiled user dll's ...
Registered in 0.000953 seconds.
Begin MonoManager ReloadAssembly
Native extension for WindowsStandalone target not found
Native extension for WebGL target not found
Refreshing native plugins compatible for Editor in 0.29 ms, found 0 plugins.
Preloading 0 native plugins for Editor in 0.00 ms.
Invoked RoslynAnalysisRunner static constructor.
RoslynAnalysisRunner will not be running.
RoslynAnalysisRunner has terminated.
Mono: successfully reloaded assembly
- Completed reload, in  1.257 seconds
Platform modules already initialized, skipping
Refreshing native plugins compatible for Editor in 0.30 ms, found 0 plugins.
Preloading 0 native plugins for Editor in 0.00 ms.
Unloading 1137 Unused Serialized files (Serialized files now loaded: 0)
System memory in use before: 60.0 MB.
System memory in use after: 60.0 MB.

Unloading 5 unused Assets to reduce memory usage. Loaded Objects now: 1629.
Total: 1.727100 ms (FindLiveObjects: 0.148000 ms CreateObjectMapping: 0.041300 ms MarkObjects: 1.484500 ms  DeleteObjects: 0.052300 ms)

========================================================================
Received Import Request.
  Time since last request: 54.771739 seconds.
  path: Assets/Scripts/UI/PingPong.cs
  artifactKey: Guid(c7f0b1701af858e4997a705b041e2603) Importer(815301076,1909f56bfc062723c751e8b465ee728b)
Start importing Assets/Scripts/UI/PingPong.cs using Guid(c7f0b1701af858e4997a705b041e2603) Importer(815301076,1909f56bfc062723c751e8b465ee728b)  -> (artifact id: '4735c03633d66a12d7711e9700fe1efd') in 0.004770 seconds
  Import took 0.007325 seconds .

========================================================================
Received Import Request.
  Time since last request: 0.000272 seconds.
  path: Assets/Scripts/UI/UIManager.cs
  artifactKey: Guid(68cee67867b57654295efe5c1a10d9ae) Importer(815301076,1909f56bfc062723c751e8b465ee728b)
Start importing Assets/Scripts/UI/UIManager.cs using Guid(68cee67867b57654295efe5c1a10d9ae) Importer(815301076,1909f56bfc062723c751e8b465ee728b)  -> (artifact id: '678b7cd414facf5e0b505b422b851f4a') in 0.007737 seconds
  Import took 0.009901 seconds .

========================================================================
Received Prepare
Registering precompiled user dll's ...
Registered in 0.000746 seconds.
Begin MonoManager ReloadAssembly
Native extension for WindowsStandalone target not found
Native extension for WebGL target not found
Refreshing native plugins compatible for Editor in 0.29 ms, found 0 plugins.
Preloading 0 native plugins for Editor in 0.00 ms.
Invoked RoslynAnalysisRunner static constructor.
RoslynAnalysisRunner will not be running.
RoslynAnalysisRunner has terminated.
Mono: successfully reloaded assembly
- Completed reload, in  1.257 seconds
Platform modules already initialized, skipping
Refreshing native plugins compatible for Editor in 0.28 ms, found 0 plugins.
Preloading 0 native plugins for Editor in 0.00 ms.
Unloading 1137 Unused Serialized files (Serialized files now loaded: 0)
System memory in use before: 60.3 MB.
System memory in use after: 60.3 MB.

Unloading 5 unused Assets to reduce memory usage. Loaded Objects now: 1631.
Total: 2.031100 ms (FindLiveObjects: 0.274400 ms CreateObjectMapping: 0.066800 ms MarkObjects: 1.631300 ms  DeleteObjects: 0.055700 ms)

========================================================================
Received Import Request.
  Time since last request: 126.400219 seconds.
  path: Assets/Scripts/UI/UIManager.cs
  artifactKey: Guid(68cee67867b57654295efe5c1a10d9ae) Importer(815301076,1909f56bfc062723c751e8b465ee728b)
Start importing Assets/Scripts/UI/UIManager.cs using Guid(68cee67867b57654295efe5c1a10d9ae) Importer(815301076,1909f56bfc062723c751e8b465ee728b)  -> (artifact id: '776593ceccde37f1c6fb15a8c1361ed8') in 0.004788 seconds
  Import took 0.009343 seconds .

========================================================================
Received Import Request.
  Time since last request: 0.172700 seconds.
  path: Assets/Scripts/PrefabsHolder.cs
  artifactKey: Guid(93d29a82edcc39b4a99b88d7f8051583) Importer(815301076,1909f56bfc062723c751e8b465ee728b)
Start importing Assets/Scripts/PrefabsHolder.cs using Guid(93d29a82edcc39b4a99b88d7f8051583) Importer(815301076,1909f56bfc062723c751e8b465ee728b)  -> (artifact id: 'a1c6c1fe269409ef07952d3ce7d7e71e') in 0.008750 seconds
  Import took 0.011237 seconds .

========================================================================
Received Prepare
Registering precompiled user dll's ...
Registered in 0.000999 seconds.
Begin MonoManager ReloadAssembly
Native extension for WindowsStandalone target not found
Native extension for WebGL target not found
Refreshing native plugins compatible for Editor in 0.32 ms, found 0 plugins.
Preloading 0 native plugins for Editor in 0.00 ms.
Invoked RoslynAnalysisRunner static constructor.
RoslynAnalysisRunner will not be running.
RoslynAnalysisRunner has terminated.
Mono: successfully reloaded assembly
- Completed reload, in  1.366 seconds
Platform modules already initialized, skipping
Refreshing native plugins compatible for Editor in 0.27 ms, found 0 plugins.
Preloading 0 native plugins for Editor in 0.00 ms.
Unloading 1137 Unused Serialized files (Serialized files now loaded: 0)
System memory in use before: 60.5 MB.
System memory in use after: 60.6 MB.

Unloading 5 unused Assets to reduce memory usage. Loaded Objects now: 1633.
Total: 2.019300 ms (FindLiveObjects: 0.298500 ms CreateObjectMapping: 0.069100 ms MarkObjects: 1.596300 ms  DeleteObjects: 0.053700 ms)

========================================================================
Received Import Request.
  Time since last request: 22.227574 seconds.
  path: Assets/Scripts/GameManager.cs
  artifactKey: Guid(5e6f180abc5899b46b607b9579c8c531) Importer(815301076,1909f56bfc062723c751e8b465ee728b)
Start importing Assets/Scripts/GameManager.cs using Guid(5e6f180abc5899b46b607b9579c8c531) Importer(815301076,1909f56bfc062723c751e8b465ee728b)  -> (artifact id: 'f5be744860787288d644a6c53bdbe066') in 0.007289 seconds
  Import took 0.010028 seconds .

========================================================================
Received Import Request.
  Time since last request: 0.027914 seconds.
  path: Assets/Scripts/GameManager.cs
  artifactKey: Guid(5e6f180abc5899b46b607b9579c8c531) Importer(815301076,1909f56bfc062723c751e8b465ee728b)
Start importing Assets/Scripts/GameManager.cs using Guid(5e6f180abc5899b46b607b9579c8c531) Importer(815301076,1909f56bfc062723c751e8b465ee728b)  -> (artifact id: 'f5be744860787288d644a6c53bdbe066') in 0.002609 seconds
  Import took 0.005062 seconds .

========================================================================
Received Import Request.
  Time since last request: 604.506842 seconds.
  path: Assets/Scripts/GameManager.cs
  artifactKey: Guid(5e6f180abc5899b46b607b9579c8c531) Importer(815301076,1909f56bfc062723c751e8b465ee728b)
Start importing Assets/Scripts/GameManager.cs using Guid(5e6f180abc5899b46b607b9579c8c531) Importer(815301076,1909f56bfc062723c751e8b465ee728b)  -> (artifact id: '376ff8a02db4349a84d0d77beb73a785') in 0.002872 seconds
  Import took 0.006047 seconds .

========================================================================
Received Import Request.
  Time since last request: 1.567900 seconds.
  path: Assets/Prefabs/Surfer.prefab
  artifactKey: Guid(672363568d5475745b19bf44f9e939de) Importer(815301076,1909f56bfc062723c751e8b465ee728b)
Start importing Assets/Prefabs/Surfer.prefab using Guid(672363568d5475745b19bf44f9e939de) Importer(815301076,1909f56bfc062723c751e8b465ee728b)  -> (artifact id: '9662f4b1f97a681e3e64c00e5ae75ca5') in 0.107163 seconds
  Import took 0.109895 seconds .

========================================================================
Received Prepare
Registering precompiled user dll's ...
Registered in 0.000895 seconds.
Begin MonoManager ReloadAssembly
Native extension for WindowsStandalone target not found
Native extension for WebGL target not found
Refreshing native plugins compatible for Editor in 0.33 ms, found 0 plugins.
Preloading 0 native plugins for Editor in 0.00 ms.
Invoked RoslynAnalysisRunner static constructor.
RoslynAnalysisRunner will not be running.
RoslynAnalysisRunner has terminated.
Mono: successfully reloaded assembly
- Completed reload, in  1.332 seconds
Platform modules already initialized, skipping
Refreshing native plugins compatible for Editor in 0.33 ms, found 0 plugins.
Preloading 0 native plugins for Editor in 0.00 ms.
Unloading 1137 Unused Serialized files (Serialized files now loaded: 0)
System memory in use before: 63.0 MB.
System memory in use after: 63.1 MB.

Unloading 6 unused Assets to reduce memory usage. Loaded Objects now: 1644.
Total: 1.759600 ms (FindLiveObjects: 0.158800 ms CreateObjectMapping: 0.042100 ms MarkObjects: 1.492000 ms  DeleteObjects: 0.065600 ms)

========================================================================
Received Prepare
Registering precompiled user dll's ...
Registered in 0.000855 seconds.
Begin MonoManager ReloadAssembly
Native extension for WindowsStandalone target not found
Native extension for WebGL target not found
Refreshing native plugins compatible for Editor in 0.27 ms, found 0 plugins.
Preloading 0 native plugins for Editor in 0.00 ms.
Invoked RoslynAnalysisRunner static constructor.
RoslynAnalysisRunner will not be running.
RoslynAnalysisRunner has terminated.
Mono: successfully reloaded assembly
- Completed reload, in  1.356 seconds
Platform modules already initialized, skipping
Refreshing native plugins compatible for Editor in 0.31 ms, found 0 plugins.
Preloading 0 native plugins for Editor in 0.00 ms.
Unloading 1137 Unused Serialized files (Serialized files now loaded: 0)
System memory in use before: 63.3 MB.
System memory in use after: 63.4 MB.

Unloading 5 unused Assets to reduce memory usage. Loaded Objects now: 1646.
Total: 1.865400 ms (FindLiveObjects: 0.176500 ms CreateObjectMapping: 0.040800 ms MarkObjects: 1.591200 ms  DeleteObjects: 0.055700 ms)

========================================================================
Received Prepare
Registering precompiled user dll's ...
Registered in 0.000839 seconds.
Begin MonoManager ReloadAssembly
Native extension for WindowsStandalone target not found
Native extension for WebGL target not found
Refreshing native plugins compatible for Editor in 0.28 ms, found 0 plugins.
Preloading 0 native plugins for Editor in 0.00 ms.
Invoked RoslynAnalysisRunner static constructor.
RoslynAnalysisRunner will not be running.
RoslynAnalysisRunner has terminated.
Mono: successfully reloaded assembly
- Completed reload, in  1.361 seconds
Platform modules already initialized, skipping
Refreshing native plugins compatible for Editor in 0.30 ms, found 0 plugins.
Preloading 0 native plugins for Editor in 0.00 ms.
Unloading 1137 Unused Serialized files (Serialized files now loaded: 0)
System memory in use before: 63.6 MB.
System memory in use after: 63.7 MB.

Unloading 5 unused Assets to reduce memory usage. Loaded Objects now: 1648.
Total: 1.735100 ms (FindLiveObjects: 0.163500 ms CreateObjectMapping: 0.040300 ms MarkObjects: 1.479800 ms  DeleteObjects: 0.050600 ms)

========================================================================
Received Prepare
Registering precompiled user dll's ...
Registered in 0.000913 seconds.
Begin MonoManager ReloadAssembly
Native extension for WindowsStandalone target not found
Native extension for WebGL target not found
Refreshing native plugins compatible for Editor in 0.45 ms, found 0 plugins.
Preloading 0 native plugins for Editor in 0.00 ms.
Invoked RoslynAnalysisRunner static constructor.
RoslynAnalysisRunner will not be running.
RoslynAnalysisRunner has terminated.
Mono: successfully reloaded assembly
- Completed reload, in  1.485 seconds
Platform modules already initialized, skipping
Refreshing native plugins compatible for Editor in 0.28 ms, found 0 plugins.
Preloading 0 native plugins for Editor in 0.00 ms.
Unloading 1137 Unused Serialized files (Serialized files now loaded: 0)
System memory in use before: 63.7 MB.
System memory in use after: 63.7 MB.

Unloading 5 unused Assets to reduce memory usage. Loaded Objects now: 1650.
Total: 1.882200 ms (FindLiveObjects: 0.200000 ms CreateObjectMapping: 0.041200 ms MarkObjects: 1.583000 ms  DeleteObjects: 0.056900 ms)

========================================================================
Received Prepare
Refreshing native plugins compatible for Editor in 0.73 ms, found 0 plugins.
Preloading 0 native plugins for Editor in 0.00 ms.
Unloading 6 Unused Serialized files (Serialized files now loaded: 0)
System memory in use before: 40.5 MB.
System memory in use after: 40.6 MB.

Unloading 3 unused Assets to reduce memory usage. Loaded Objects now: 1650.
Total: 2.067100 ms (FindLiveObjects: 0.239700 ms CreateObjectMapping: 0.044300 ms MarkObjects: 1.724700 ms  DeleteObjects: 0.056200 ms)

AssetImportWorkerClient::OnTransportError - code=2 error=End of file
