Using pre-set license
Built from '2020.2/release' branch; Version is '2020.2.1f1 (270dd8c3da1c) revision 2559448'; Using compiler version '192528614'; Build Type 'Release'
OS: 'Windows 10  (10.0.0) 64bit' Language: 'en' Physical Memory: 16284 MB
BatchMode: 1, IsHumanControllingUs: 0, StartBugReporterOnCrash: 0, Is64bit: 1, IsPro: 0

 COMMAND LINE ARGUMENTS:
C:\Program Files\Unity\Hub\Editor\2020.2.1f1\Editor\Unity.exe
-adb2
-batchMode
-noUpm
-name
AssetImportWorker2
-projectPath
E:/Work/CubeSurferClone/Cube-Surfer-Clone-Repo/CubeSurferClone
-logFile
Logs/AssetImportWorker2.log
-srvPort
49948
Successfully changed project path to: E:/Work/CubeSurferClone/Cube-Surfer-Clone-Repo/CubeSurferClone
E:/Work/CubeSurferClone/Cube-Surfer-Clone-Repo/CubeSurferClone
Using Asset Import Pipeline V2.
Refreshing native plugins compatible for Editor in 28.51 ms, found 0 plugins.
Preloading 0 native plugins for Editor in 0.00 ms.
Initialize engine version: 2020.2.1f1 (270dd8c3da1c)
[Subsystems] Discovering subsystems at path C:/Program Files/Unity/Hub/Editor/2020.2.1f1/Editor/Data/Resources/UnitySubsystems
[Subsystems] Discovering subsystems at path E:/Work/CubeSurferClone/Cube-Surfer-Clone-Repo/CubeSurferClone/Assets
GfxDevice: creating device client; threaded=0
Direct3D:
    Version:  Direct3D 11.0 [level 11.1]
    Renderer: NVIDIA GeForce GTX 1070 (ID=0x1b81)
    Vendor:   
    VRAM:     8088 MB
    Driver:   27.21.14.5671
Initialize mono
Mono path[0] = 'C:/Program Files/Unity/Hub/Editor/2020.2.1f1/Editor/Data/Managed'
Mono path[1] = 'C:/Program Files/Unity/Hub/Editor/2020.2.1f1/Editor/Data/MonoBleedingEdge/lib/mono/unityjit'
Mono config path = 'C:/Program Files/Unity/Hub/Editor/2020.2.1f1/Editor/Data/MonoBleedingEdge/etc'
Using monoOptions --debugger-agent=transport=dt_socket,embedding=1,server=y,suspend=n,address=127.0.0.1:56152
Begin MonoManager ReloadAssembly
Registering precompiled unity dll's ...
Register platform support module: C:/Program Files/Unity/Hub/Editor/2020.2.1f1/Editor/Data/PlaybackEngines/WebGLSupport/UnityEditor.WebGL.Extensions.dll
Register platform support module: C:/Program Files/Unity/Hub/Editor/2020.2.1f1/Editor/Data/PlaybackEngines/WindowsStandaloneSupport/UnityEditor.WindowsStandalone.Extensions.dll
Registered in 0.005919 seconds.
Native extension for WindowsStandalone target not found
Native extension for WebGL target not found
Refreshing native plugins compatible for Editor in 27.52 ms, found 0 plugins.
Preloading 0 native plugins for Editor in 0.00 ms.
Invoked RoslynAnalysisRunner static constructor.
RoslynAnalysisRunner will not be running.
RoslynAnalysisRunner has terminated.
Mono: successfully reloaded assembly
- Completed reload, in  3.529 seconds
Platform modules already initialized, skipping
Registering precompiled user dll's ...
Registered in 0.000945 seconds.
Begin MonoManager ReloadAssembly
Native extension for WindowsStandalone target not found
Native extension for WebGL target not found
Refreshing native plugins compatible for Editor in 0.30 ms, found 0 plugins.
Preloading 0 native plugins for Editor in 0.00 ms.
Invoked RoslynAnalysisRunner static constructor.
RoslynAnalysisRunner will not be running.
RoslynAnalysisRunner has terminated.
Mono: successfully reloaded assembly
- Completed reload, in  1.041 seconds
Platform modules already initialized, skipping
========================================================================
Worker process is ready to serve import requests
Launched and connected shader compiler UnityShaderCompiler.exe after 0.05 seconds
Refreshing native plugins compatible for Editor in 0.28 ms, found 0 plugins.
Preloading 0 native plugins for Editor in 0.00 ms.
Unloading 1151 Unused Serialized files (Serialized files now loaded: 0)
System memory in use before: 59.3 MB.
System memory in use after: 59.4 MB.

Unloading 10 unused Assets to reduce memory usage. Loaded Objects now: 1592.
Total: 1.875200 ms (FindLiveObjects: 0.156800 ms CreateObjectMapping: 0.041700 ms MarkObjects: 1.596400 ms  DeleteObjects: 0.079300 ms)

========================================================================
Received Import Request.
  path: Assets/Scenes/SampleScene.unity
  artifactKey: Guid(9fc0d4010bbf28b4594072e72b8655ab) Importer(815301076,1909f56bfc062723c751e8b465ee728b)
Start importing Assets/Scenes/SampleScene.unity using Guid(9fc0d4010bbf28b4594072e72b8655ab) Importer(815301076,1909f56bfc062723c751e8b465ee728b)  -> (artifact id: '1536b898677b75e56cabb157d784a551') in 0.018059 seconds
  Import took 0.022650 seconds .

========================================================================
Received Import Request.
  Time since last request: 7.329589 seconds.
  path: Assets/Scenes/DefaultScene.unity
  artifactKey: Guid(9fc0d4010bbf28b4594072e72b8655ab) Importer(815301076,1909f56bfc062723c751e8b465ee728b)
Start importing Assets/Scenes/DefaultScene.unity using Guid(9fc0d4010bbf28b4594072e72b8655ab) Importer(815301076,1909f56bfc062723c751e8b465ee728b)  -> (artifact id: '8dfa8ff9d850570259023caab4f359fb') in 0.010035 seconds
  Import took 0.012598 seconds .

========================================================================
Received Import Request.
  Time since last request: 0.001830 seconds.
  path: Assets/Scenes/DefaultScene.unity
  artifactKey: Guid(9fc0d4010bbf28b4594072e72b8655ab) Importer(815301076,1909f56bfc062723c751e8b465ee728b)
Start importing Assets/Scenes/DefaultScene.unity using Guid(9fc0d4010bbf28b4594072e72b8655ab) Importer(815301076,1909f56bfc062723c751e8b465ee728b)  -> (artifact id: '8dfa8ff9d850570259023caab4f359fb') in 0.003585 seconds
  Import took 0.006283 seconds .

========================================================================
Received Import Request.
  Time since last request: 110.780400 seconds.
  path: Assets/Prefabs/Surfer.prefab
  artifactKey: Guid(672363568d5475745b19bf44f9e939de) Importer(815301076,1909f56bfc062723c751e8b465ee728b)
Start importing Assets/Prefabs/Surfer.prefab using Guid(672363568d5475745b19bf44f9e939de) Importer(815301076,1909f56bfc062723c751e8b465ee728b)  -> (artifact id: '2e70adb57fa8f4431a5f29968057e05b') in 0.124966 seconds
  Import took 0.127838 seconds .

========================================================================
Received Import Request.
  Time since last request: 5.307314 seconds.
  path: Assets/Prefabs/Surfer.prefab
  artifactKey: Guid(672363568d5475745b19bf44f9e939de) Importer(815301076,1909f56bfc062723c751e8b465ee728b)
Start importing Assets/Prefabs/Surfer.prefab using Guid(672363568d5475745b19bf44f9e939de) Importer(815301076,1909f56bfc062723c751e8b465ee728b)  -> (artifact id: '2e4bbd006e6ff215ee2ab678edc59e5e') in 0.020067 seconds
  Import took 0.022999 seconds .

========================================================================
Received Import Request.
  Time since last request: 4.832319 seconds.
  path: Assets/Prefabs/Surfer.prefab
  artifactKey: Guid(672363568d5475745b19bf44f9e939de) Importer(815301076,1909f56bfc062723c751e8b465ee728b)
Start importing Assets/Prefabs/Surfer.prefab using Guid(672363568d5475745b19bf44f9e939de) Importer(815301076,1909f56bfc062723c751e8b465ee728b)  -> (artifact id: 'bc85f6ca3a0cf35c148c542c5c2642d8') in 0.020884 seconds
  Import took 0.024161 seconds .

========================================================================
Received Import Request.
  Time since last request: 3.792974 seconds.
  path: Assets/Prefabs/Surfer.prefab
  artifactKey: Guid(672363568d5475745b19bf44f9e939de) Importer(815301076,1909f56bfc062723c751e8b465ee728b)
Start importing Assets/Prefabs/Surfer.prefab using Guid(672363568d5475745b19bf44f9e939de) Importer(815301076,1909f56bfc062723c751e8b465ee728b)  -> (artifact id: '1e0e7ae6e9c65c62d328969ff258d171') in 0.016454 seconds
  Import took 0.019599 seconds .

========================================================================
Received Import Request.
  Time since last request: 2.685125 seconds.
  path: Assets/Prefabs/Surfer.prefab
  artifactKey: Guid(672363568d5475745b19bf44f9e939de) Importer(815301076,1909f56bfc062723c751e8b465ee728b)
Start importing Assets/Prefabs/Surfer.prefab using Guid(672363568d5475745b19bf44f9e939de) Importer(815301076,1909f56bfc062723c751e8b465ee728b)  -> (artifact id: '83537876ebda90b05325637586106120') in 0.016024 seconds
  Import took 0.019211 seconds .

========================================================================
Received Prepare
Registering precompiled user dll's ...
Registered in 0.001338 seconds.
Begin MonoManager ReloadAssembly
Native extension for WindowsStandalone target not found
Native extension for WebGL target not found
Refreshing native plugins compatible for Editor in 0.28 ms, found 0 plugins.
Preloading 0 native plugins for Editor in 0.00 ms.
Invoked RoslynAnalysisRunner static constructor.
RoslynAnalysisRunner will not be running.
RoslynAnalysisRunner has terminated.
Mono: successfully reloaded assembly
- Completed reload, in  1.035 seconds
Platform modules already initialized, skipping
Refreshing native plugins compatible for Editor in 0.26 ms, found 0 plugins.
Preloading 0 native plugins for Editor in 0.00 ms.
Unloading 1135 Unused Serialized files (Serialized files now loaded: 0)
System memory in use before: 61.9 MB.
System memory in use after: 62.0 MB.

Unloading 6 unused Assets to reduce memory usage. Loaded Objects now: 1603.
Total: 1.697200 ms (FindLiveObjects: 0.151800 ms CreateObjectMapping: 0.039200 ms MarkObjects: 1.447300 ms  DeleteObjects: 0.057600 ms)

========================================================================
Received Import Request.
  Time since last request: 41.446843 seconds.
  path: Assets/Prefabs/Surfer.prefab
  artifactKey: Guid(672363568d5475745b19bf44f9e939de) Importer(815301076,1909f56bfc062723c751e8b465ee728b)
Start importing Assets/Prefabs/Surfer.prefab using Guid(672363568d5475745b19bf44f9e939de) Importer(815301076,1909f56bfc062723c751e8b465ee728b)  -> (artifact id: 'c86b656e311faa1c31b0dd58045a2a87') in 0.074703 seconds
  Import took 0.078238 seconds .

========================================================================
Received Import Request.
  Time since last request: 3.703946 seconds.
  path: Assets/Prefabs/Surfer.prefab
  artifactKey: Guid(672363568d5475745b19bf44f9e939de) Importer(815301076,1909f56bfc062723c751e8b465ee728b)
Start importing Assets/Prefabs/Surfer.prefab using Guid(672363568d5475745b19bf44f9e939de) Importer(815301076,1909f56bfc062723c751e8b465ee728b)  -> (artifact id: 'c86b656e311faa1c31b0dd58045a2a87') in 0.008948 seconds
  Import took 0.012186 seconds .

========================================================================
Received Prepare
Registering precompiled user dll's ...
Registered in 0.000779 seconds.
Begin MonoManager ReloadAssembly
Native extension for WindowsStandalone target not found
Native extension for WebGL target not found
Refreshing native plugins compatible for Editor in 0.28 ms, found 0 plugins.
Preloading 0 native plugins for Editor in 0.00 ms.
Invoked RoslynAnalysisRunner static constructor.
RoslynAnalysisRunner will not be running.
RoslynAnalysisRunner has terminated.
Mono: successfully reloaded assembly
- Completed reload, in  1.027 seconds
Platform modules already initialized, skipping
Refreshing native plugins compatible for Editor in 0.28 ms, found 0 plugins.
Preloading 0 native plugins for Editor in 0.00 ms.
Unloading 1136 Unused Serialized files (Serialized files now loaded: 0)
System memory in use before: 62.3 MB.
System memory in use after: 62.4 MB.

Unloading 6 unused Assets to reduce memory usage. Loaded Objects now: 1606.
Total: 2.298400 ms (FindLiveObjects: 0.208100 ms CreateObjectMapping: 0.063500 ms MarkObjects: 1.962300 ms  DeleteObjects: 0.063200 ms)

========================================================================
Received Prepare
Registering precompiled user dll's ...
Registered in 0.001283 seconds.
Begin MonoManager ReloadAssembly
Native extension for WindowsStandalone target not found
Native extension for WebGL target not found
Refreshing native plugins compatible for Editor in 0.29 ms, found 0 plugins.
Preloading 0 native plugins for Editor in 0.00 ms.
Invoked RoslynAnalysisRunner static constructor.
RoslynAnalysisRunner will not be running.
RoslynAnalysisRunner has terminated.
Mono: successfully reloaded assembly
- Completed reload, in  1.096 seconds
Platform modules already initialized, skipping
Refreshing native plugins compatible for Editor in 0.26 ms, found 0 plugins.
Preloading 0 native plugins for Editor in 0.00 ms.
Unloading 1136 Unused Serialized files (Serialized files now loaded: 0)
System memory in use before: 62.6 MB.
System memory in use after: 62.6 MB.

Unloading 5 unused Assets to reduce memory usage. Loaded Objects now: 1608.
Total: 2.032800 ms (FindLiveObjects: 0.330700 ms CreateObjectMapping: 0.109700 ms MarkObjects: 1.533600 ms  DeleteObjects: 0.056700 ms)

========================================================================
Received Import Request.
  Time since last request: 119.550493 seconds.
  path: Assets/Scripts/Player/Surfer.cs
  artifactKey: Guid(194b2fc3245a1c94489b5c46f61dbbfa) Importer(815301076,1909f56bfc062723c751e8b465ee728b)
Start importing Assets/Scripts/Player/Surfer.cs using Guid(194b2fc3245a1c94489b5c46f61dbbfa) Importer(815301076,1909f56bfc062723c751e8b465ee728b)  -> (artifact id: 'bbd26f21c1e27c63c72c5226d1f13d4b') in 0.010811 seconds
  Import took 0.014436 seconds .

========================================================================
Received Import Request.
  Time since last request: 3.556550 seconds.
  path: Assets/Scripts/Player/Surfer.cs
  artifactKey: Guid(194b2fc3245a1c94489b5c46f61dbbfa) Importer(815301076,1909f56bfc062723c751e8b465ee728b)
Start importing Assets/Scripts/Player/Surfer.cs using Guid(194b2fc3245a1c94489b5c46f61dbbfa) Importer(815301076,1909f56bfc062723c751e8b465ee728b)  -> (artifact id: 'bbd26f21c1e27c63c72c5226d1f13d4b') in 0.002389 seconds
  Import took 0.004445 seconds .

========================================================================
Received Prepare
Registering precompiled user dll's ...
Registered in 0.000936 seconds.
Begin MonoManager ReloadAssembly
Native extension for WindowsStandalone target not found
Native extension for WebGL target not found
Refreshing native plugins compatible for Editor in 0.47 ms, found 0 plugins.
Preloading 0 native plugins for Editor in 0.00 ms.
Invoked RoslynAnalysisRunner static constructor.
RoslynAnalysisRunner will not be running.
RoslynAnalysisRunner has terminated.
Mono: successfully reloaded assembly
- Completed reload, in  1.070 seconds
Platform modules already initialized, skipping
Refreshing native plugins compatible for Editor in 0.30 ms, found 0 plugins.
Preloading 0 native plugins for Editor in 0.00 ms.
Unloading 1136 Unused Serialized files (Serialized files now loaded: 0)
System memory in use before: 62.9 MB.
System memory in use after: 63.0 MB.

Unloading 5 unused Assets to reduce memory usage. Loaded Objects now: 1610.
Total: 2.004600 ms (FindLiveObjects: 0.225300 ms CreateObjectMapping: 0.060800 ms MarkObjects: 1.653700 ms  DeleteObjects: 0.063200 ms)

========================================================================
Received Prepare
Registering precompiled user dll's ...
Registered in 0.000815 seconds.
Begin MonoManager ReloadAssembly
Native extension for WindowsStandalone target not found
Native extension for WebGL target not found
Refreshing native plugins compatible for Editor in 0.35 ms, found 0 plugins.
Preloading 0 native plugins for Editor in 0.00 ms.
Invoked RoslynAnalysisRunner static constructor.
RoslynAnalysisRunner will not be running.
RoslynAnalysisRunner has terminated.
Mono: successfully reloaded assembly
- Completed reload, in  1.072 seconds
Platform modules already initialized, skipping
Refreshing native plugins compatible for Editor in 0.28 ms, found 0 plugins.
Preloading 0 native plugins for Editor in 0.00 ms.
Unloading 1136 Unused Serialized files (Serialized files now loaded: 0)
System memory in use before: 63.2 MB.
System memory in use after: 63.3 MB.

Unloading 5 unused Assets to reduce memory usage. Loaded Objects now: 1612.
Total: 1.935000 ms (FindLiveObjects: 0.251700 ms CreateObjectMapping: 0.074100 ms MarkObjects: 1.551300 ms  DeleteObjects: 0.056600 ms)

========================================================================
Received Prepare
Registering precompiled user dll's ...
Registered in 0.001017 seconds.
Begin MonoManager ReloadAssembly
Native extension for WindowsStandalone target not found
Native extension for WebGL target not found
Refreshing native plugins compatible for Editor in 0.35 ms, found 0 plugins.
Preloading 0 native plugins for Editor in 0.00 ms.
Invoked RoslynAnalysisRunner static constructor.
RoslynAnalysisRunner will not be running.
RoslynAnalysisRunner has terminated.
Mono: successfully reloaded assembly
- Completed reload, in  1.135 seconds
Platform modules already initialized, skipping
Refreshing native plugins compatible for Editor in 0.30 ms, found 0 plugins.
Preloading 0 native plugins for Editor in 0.00 ms.
Unloading 1136 Unused Serialized files (Serialized files now loaded: 0)
System memory in use before: 63.5 MB.
System memory in use after: 63.6 MB.

Unloading 5 unused Assets to reduce memory usage. Loaded Objects now: 1614.
Total: 1.707900 ms (FindLiveObjects: 0.144000 ms CreateObjectMapping: 0.041700 ms MarkObjects: 1.465500 ms  DeleteObjects: 0.055000 ms)

========================================================================
Received Prepare
Registering precompiled user dll's ...
Registered in 0.000987 seconds.
Begin MonoManager ReloadAssembly
Native extension for WindowsStandalone target not found
Native extension for WebGL target not found
Refreshing native plugins compatible for Editor in 0.26 ms, found 0 plugins.
Preloading 0 native plugins for Editor in 0.00 ms.
Invoked RoslynAnalysisRunner static constructor.
RoslynAnalysisRunner will not be running.
RoslynAnalysisRunner has terminated.
Mono: successfully reloaded assembly
- Completed reload, in  1.163 seconds
Platform modules already initialized, skipping
Refreshing native plugins compatible for Editor in 0.29 ms, found 0 plugins.
Preloading 0 native plugins for Editor in 0.00 ms.
Unloading 1136 Unused Serialized files (Serialized files now loaded: 0)
System memory in use before: 63.6 MB.
System memory in use after: 63.7 MB.

Unloading 5 unused Assets to reduce memory usage. Loaded Objects now: 1616.
Total: 1.820800 ms (FindLiveObjects: 0.151300 ms CreateObjectMapping: 0.039400 ms MarkObjects: 1.575000 ms  DeleteObjects: 0.054100 ms)

========================================================================
Received Prepare
Registering precompiled user dll's ...
Registered in 0.000825 seconds.
Begin MonoManager ReloadAssembly
Native extension for WindowsStandalone target not found
Native extension for WebGL target not found
Refreshing native plugins compatible for Editor in 0.28 ms, found 0 plugins.
Preloading 0 native plugins for Editor in 0.00 ms.
Invoked RoslynAnalysisRunner static constructor.
RoslynAnalysisRunner will not be running.
RoslynAnalysisRunner has terminated.
Mono: successfully reloaded assembly
- Completed reload, in  1.137 seconds
Platform modules already initialized, skipping
Refreshing native plugins compatible for Editor in 0.27 ms, found 0 plugins.
Preloading 0 native plugins for Editor in 0.00 ms.
Unloading 1136 Unused Serialized files (Serialized files now loaded: 0)
System memory in use before: 63.1 MB.
System memory in use after: 63.2 MB.

Unloading 5 unused Assets to reduce memory usage. Loaded Objects now: 1618.
Total: 1.787500 ms (FindLiveObjects: 0.153800 ms CreateObjectMapping: 0.039300 ms MarkObjects: 1.532600 ms  DeleteObjects: 0.060400 ms)

========================================================================
Received Import Request.
  Time since last request: 208.346722 seconds.
  path: Assets/Scripts/Player/Surfer.cs
  artifactKey: Guid(194b2fc3245a1c94489b5c46f61dbbfa) Importer(815301076,1909f56bfc062723c751e8b465ee728b)
Start importing Assets/Scripts/Player/Surfer.cs using Guid(194b2fc3245a1c94489b5c46f61dbbfa) Importer(815301076,1909f56bfc062723c751e8b465ee728b)  -> (artifact id: 'e6d04444739bc870994bbc7966fe200d') in 0.005495 seconds
  Import took 0.007982 seconds .

========================================================================
Received Prepare
Registering precompiled user dll's ...
Registered in 0.000919 seconds.
Begin MonoManager ReloadAssembly
Native extension for WindowsStandalone target not found
Native extension for WebGL target not found
Refreshing native plugins compatible for Editor in 0.27 ms, found 0 plugins.
Preloading 0 native plugins for Editor in 0.00 ms.
Invoked RoslynAnalysisRunner static constructor.
RoslynAnalysisRunner will not be running.
RoslynAnalysisRunner has terminated.
Mono: successfully reloaded assembly
- Completed reload, in  1.133 seconds
Platform modules already initialized, skipping
Refreshing native plugins compatible for Editor in 0.28 ms, found 0 plugins.
Preloading 0 native plugins for Editor in 0.00 ms.
Unloading 1136 Unused Serialized files (Serialized files now loaded: 0)
System memory in use before: 63.4 MB.
System memory in use after: 63.5 MB.

Unloading 5 unused Assets to reduce memory usage. Loaded Objects now: 1620.
Total: 1.739500 ms (FindLiveObjects: 0.151200 ms CreateObjectMapping: 0.039400 ms MarkObjects: 1.493400 ms  DeleteObjects: 0.052300 ms)

========================================================================
Received Prepare
Registering precompiled user dll's ...
Registered in 0.000789 seconds.
Begin MonoManager ReloadAssembly
Native extension for WindowsStandalone target not found
Native extension for WebGL target not found
Refreshing native plugins compatible for Editor in 0.31 ms, found 0 plugins.
Preloading 0 native plugins for Editor in 0.00 ms.
Invoked RoslynAnalysisRunner static constructor.
RoslynAnalysisRunner will not be running.
RoslynAnalysisRunner has terminated.
Mono: successfully reloaded assembly
- Completed reload, in  1.187 seconds
Platform modules already initialized, skipping
Refreshing native plugins compatible for Editor in 0.28 ms, found 0 plugins.
Preloading 0 native plugins for Editor in 0.00 ms.
Unloading 1136 Unused Serialized files (Serialized files now loaded: 0)
System memory in use before: 63.6 MB.
System memory in use after: 63.7 MB.

Unloading 5 unused Assets to reduce memory usage. Loaded Objects now: 1622.
Total: 1.851700 ms (FindLiveObjects: 0.182500 ms CreateObjectMapping: 0.043600 ms MarkObjects: 1.567500 ms  DeleteObjects: 0.057300 ms)

========================================================================
Received Import Request.
  Time since last request: 72.461332 seconds.
  path: Assets/Scripts/Player/Surfer.cs
  artifactKey: Guid(194b2fc3245a1c94489b5c46f61dbbfa) Importer(815301076,1909f56bfc062723c751e8b465ee728b)
Start importing Assets/Scripts/Player/Surfer.cs using Guid(194b2fc3245a1c94489b5c46f61dbbfa) Importer(815301076,1909f56bfc062723c751e8b465ee728b)  -> (artifact id: '2a10fbef4ab7e533e4e12851df951224') in 0.005196 seconds
  Import took 0.007439 seconds .

========================================================================
Received Import Request.
  Time since last request: 3.530480 seconds.
  path: Assets/Scripts/Player/Surfer.cs
  artifactKey: Guid(194b2fc3245a1c94489b5c46f61dbbfa) Importer(815301076,1909f56bfc062723c751e8b465ee728b)
Start importing Assets/Scripts/Player/Surfer.cs using Guid(194b2fc3245a1c94489b5c46f61dbbfa) Importer(815301076,1909f56bfc062723c751e8b465ee728b)  -> (artifact id: '2a10fbef4ab7e533e4e12851df951224') in 0.002575 seconds
  Import took 0.005348 seconds .

========================================================================
Received Prepare
Registering precompiled user dll's ...
Registered in 0.000868 seconds.
Begin MonoManager ReloadAssembly
Native extension for WindowsStandalone target not found
Native extension for WebGL target not found
Refreshing native plugins compatible for Editor in 0.26 ms, found 0 plugins.
Preloading 0 native plugins for Editor in 0.00 ms.
Invoked RoslynAnalysisRunner static constructor.
RoslynAnalysisRunner will not be running.
RoslynAnalysisRunner has terminated.
Mono: successfully reloaded assembly
- Completed reload, in  1.176 seconds
Platform modules already initialized, skipping
Refreshing native plugins compatible for Editor in 0.33 ms, found 0 plugins.
Preloading 0 native plugins for Editor in 0.00 ms.
Unloading 1136 Unused Serialized files (Serialized files now loaded: 0)
System memory in use before: 63.0 MB.
System memory in use after: 63.1 MB.

Unloading 5 unused Assets to reduce memory usage. Loaded Objects now: 1624.
Total: 2.058400 ms (FindLiveObjects: 0.194400 ms CreateObjectMapping: 0.043300 ms MarkObjects: 1.757900 ms  DeleteObjects: 0.061400 ms)

========================================================================
Received Import Request.
  Time since last request: 91.734822 seconds.
  path: Assets/Scripts/Player/Surfer.cs
  artifactKey: Guid(194b2fc3245a1c94489b5c46f61dbbfa) Importer(815301076,1909f56bfc062723c751e8b465ee728b)
Start importing Assets/Scripts/Player/Surfer.cs using Guid(194b2fc3245a1c94489b5c46f61dbbfa) Importer(815301076,1909f56bfc062723c751e8b465ee728b)  -> (artifact id: 'b8cc8f70d9e961f29b28783228ebffc3') in 0.005114 seconds
  Import took 0.007481 seconds .

========================================================================
Received Import Request.
  Time since last request: 3.601040 seconds.
  path: Assets/Scripts/Player/Surfer.cs
  artifactKey: Guid(194b2fc3245a1c94489b5c46f61dbbfa) Importer(815301076,1909f56bfc062723c751e8b465ee728b)
Start importing Assets/Scripts/Player/Surfer.cs using Guid(194b2fc3245a1c94489b5c46f61dbbfa) Importer(815301076,1909f56bfc062723c751e8b465ee728b)  -> (artifact id: 'b8cc8f70d9e961f29b28783228ebffc3') in 0.002479 seconds
  Import took 0.005051 seconds .

========================================================================
Received Prepare
Registering precompiled user dll's ...
Registered in 0.001111 seconds.
Begin MonoManager ReloadAssembly
Native extension for WindowsStandalone target not found
Native extension for WebGL target not found
Refreshing native plugins compatible for Editor in 0.27 ms, found 0 plugins.
Preloading 0 native plugins for Editor in 0.00 ms.
Invoked RoslynAnalysisRunner static constructor.
RoslynAnalysisRunner will not be running.
RoslynAnalysisRunner has terminated.
Mono: successfully reloaded assembly
- Completed reload, in  1.191 seconds
Platform modules already initialized, skipping
Refreshing native plugins compatible for Editor in 0.26 ms, found 0 plugins.
Preloading 0 native plugins for Editor in 0.00 ms.
Unloading 1136 Unused Serialized files (Serialized files now loaded: 0)
System memory in use before: 63.3 MB.
System memory in use after: 63.4 MB.

Unloading 5 unused Assets to reduce memory usage. Loaded Objects now: 1626.
Total: 2.014500 ms (FindLiveObjects: 0.234700 ms CreateObjectMapping: 0.060200 ms MarkObjects: 1.659600 ms  DeleteObjects: 0.058600 ms)

========================================================================
Received Prepare
Registering precompiled user dll's ...
Registered in 0.001113 seconds.
Begin MonoManager ReloadAssembly
Native extension for WindowsStandalone target not found
Native extension for WebGL target not found
Refreshing native plugins compatible for Editor in 0.28 ms, found 0 plugins.
Preloading 0 native plugins for Editor in 0.00 ms.
Invoked RoslynAnalysisRunner static constructor.
RoslynAnalysisRunner will not be running.
RoslynAnalysisRunner has terminated.
Mono: successfully reloaded assembly
- Completed reload, in  1.197 seconds
Platform modules already initialized, skipping
Refreshing native plugins compatible for Editor in 0.29 ms, found 0 plugins.
Preloading 0 native plugins for Editor in 0.00 ms.
Unloading 1136 Unused Serialized files (Serialized files now loaded: 0)
System memory in use before: 63.6 MB.
System memory in use after: 63.7 MB.

Unloading 5 unused Assets to reduce memory usage. Loaded Objects now: 1628.
Total: 1.839800 ms (FindLiveObjects: 0.172900 ms CreateObjectMapping: 0.042000 ms MarkObjects: 1.555700 ms  DeleteObjects: 0.067100 ms)

========================================================================
Received Prepare
Registering precompiled user dll's ...
Registered in 0.000872 seconds.
Begin MonoManager ReloadAssembly
Native extension for WindowsStandalone target not found
Native extension for WebGL target not found
Refreshing native plugins compatible for Editor in 0.29 ms, found 0 plugins.
Preloading 0 native plugins for Editor in 0.00 ms.
Invoked RoslynAnalysisRunner static constructor.
RoslynAnalysisRunner will not be running.
RoslynAnalysisRunner has terminated.
Mono: successfully reloaded assembly
- Completed reload, in  1.225 seconds
Platform modules already initialized, skipping
Refreshing native plugins compatible for Editor in 0.29 ms, found 0 plugins.
Preloading 0 native plugins for Editor in 0.00 ms.
Unloading 1136 Unused Serialized files (Serialized files now loaded: 0)
System memory in use before: 62.9 MB.
System memory in use after: 63.0 MB.

Unloading 5 unused Assets to reduce memory usage. Loaded Objects now: 1630.
Total: 2.084900 ms (FindLiveObjects: 0.179100 ms CreateObjectMapping: 0.052300 ms MarkObjects: 1.793800 ms  DeleteObjects: 0.058200 ms)

========================================================================
Received Prepare
Registering precompiled user dll's ...
Registered in 0.000936 seconds.
Begin MonoManager ReloadAssembly
Native extension for WindowsStandalone target not found
Native extension for WebGL target not found
Refreshing native plugins compatible for Editor in 0.28 ms, found 0 plugins.
Preloading 0 native plugins for Editor in 0.00 ms.
Invoked RoslynAnalysisRunner static constructor.
RoslynAnalysisRunner will not be running.
RoslynAnalysisRunner has terminated.
Mono: successfully reloaded assembly
- Completed reload, in  1.244 seconds
Platform modules already initialized, skipping
Refreshing native plugins compatible for Editor in 0.29 ms, found 0 plugins.
Preloading 0 native plugins for Editor in 0.00 ms.
Unloading 1136 Unused Serialized files (Serialized files now loaded: 0)
System memory in use before: 63.2 MB.
System memory in use after: 63.3 MB.

Unloading 5 unused Assets to reduce memory usage. Loaded Objects now: 1632.
Total: 1.831800 ms (FindLiveObjects: 0.177000 ms CreateObjectMapping: 0.042200 ms MarkObjects: 1.553700 ms  DeleteObjects: 0.057700 ms)

========================================================================
Received Prepare
Registering precompiled user dll's ...
Registered in 0.001399 seconds.
Begin MonoManager ReloadAssembly
Native extension for WindowsStandalone target not found
Native extension for WebGL target not found
Refreshing native plugins compatible for Editor in 0.29 ms, found 0 plugins.
Preloading 0 native plugins for Editor in 0.00 ms.
Invoked RoslynAnalysisRunner static constructor.
RoslynAnalysisRunner will not be running.
RoslynAnalysisRunner has terminated.
Mono: successfully reloaded assembly
- Completed reload, in  1.263 seconds
Platform modules already initialized, skipping
Refreshing native plugins compatible for Editor in 0.26 ms, found 0 plugins.
Preloading 0 native plugins for Editor in 0.00 ms.
Unloading 1136 Unused Serialized files (Serialized files now loaded: 0)
System memory in use before: 63.5 MB.
System memory in use after: 63.6 MB.

Unloading 5 unused Assets to reduce memory usage. Loaded Objects now: 1634.
Total: 2.030800 ms (FindLiveObjects: 0.232000 ms CreateObjectMapping: 0.042500 ms MarkObjects: 1.697400 ms  DeleteObjects: 0.057800 ms)

========================================================================
Received Import Request.
  Time since last request: 439.003467 seconds.
  path: Assets/Prefabs/Surfer.prefab
  artifactKey: Guid(672363568d5475745b19bf44f9e939de) Importer(815301076,1909f56bfc062723c751e8b465ee728b)
Start importing Assets/Prefabs/Surfer.prefab using Guid(672363568d5475745b19bf44f9e939de) Importer(815301076,1909f56bfc062723c751e8b465ee728b)  -> (artifact id: 'd29c98f643993cb6c4227d55d142d792') in 0.062275 seconds
  Import took 0.065079 seconds .

========================================================================
Received Import Request.
  Time since last request: 21.050756 seconds.
  path: Assets/Prefabs/Surfer.prefab
  artifactKey: Guid(672363568d5475745b19bf44f9e939de) Importer(815301076,1909f56bfc062723c751e8b465ee728b)
Start importing Assets/Prefabs/Surfer.prefab using Guid(672363568d5475745b19bf44f9e939de) Importer(815301076,1909f56bfc062723c751e8b465ee728b)  -> (artifact id: '434009321815d7703a29e7beb4502c28') in 0.009437 seconds
  Import took 0.011955 seconds .

========================================================================
Received Import Request.
  Time since last request: 7.440724 seconds.
  path: Assets/Prefabs/Surfer.prefab
  artifactKey: Guid(672363568d5475745b19bf44f9e939de) Importer(815301076,1909f56bfc062723c751e8b465ee728b)
Start importing Assets/Prefabs/Surfer.prefab using Guid(672363568d5475745b19bf44f9e939de) Importer(815301076,1909f56bfc062723c751e8b465ee728b)  -> (artifact id: 'cc8f8ce31e29107f103d2af9b10bb31f') in 0.015588 seconds
  Import took 0.018301 seconds .

========================================================================
Received Import Request.
  Time since last request: 7.185116 seconds.
  path: Assets/Prefabs/Surfer.prefab
  artifactKey: Guid(672363568d5475745b19bf44f9e939de) Importer(815301076,1909f56bfc062723c751e8b465ee728b)
Start importing Assets/Prefabs/Surfer.prefab using Guid(672363568d5475745b19bf44f9e939de) Importer(815301076,1909f56bfc062723c751e8b465ee728b)  -> (artifact id: '43181d5830aaaefe184d3081b18b79f9') in 0.017843 seconds
  Import took 0.020744 seconds .

========================================================================
Received Import Request.
  Time since last request: 8.039737 seconds.
  path: Assets/Prefabs/Surfer.prefab
  artifactKey: Guid(672363568d5475745b19bf44f9e939de) Importer(815301076,1909f56bfc062723c751e8b465ee728b)
Start importing Assets/Prefabs/Surfer.prefab using Guid(672363568d5475745b19bf44f9e939de) Importer(815301076,1909f56bfc062723c751e8b465ee728b)  -> (artifact id: '782a01815c7be259c9411334c9964de8') in 0.013558 seconds
  Import took 0.016187 seconds .

========================================================================
Received Import Request.
  Time since last request: 7.259593 seconds.
  path: Assets/Prefabs/Surfer.prefab
  artifactKey: Guid(672363568d5475745b19bf44f9e939de) Importer(815301076,1909f56bfc062723c751e8b465ee728b)
Start importing Assets/Prefabs/Surfer.prefab using Guid(672363568d5475745b19bf44f9e939de) Importer(815301076,1909f56bfc062723c751e8b465ee728b)  -> (artifact id: 'ff2da72d24e4f80d1eda71f9276d60a5') in 0.015107 seconds
  Import took 0.017689 seconds .

========================================================================
Received Import Request.
  Time since last request: 4.022965 seconds.
  path: Assets/Prefabs/Surfer.prefab
  artifactKey: Guid(672363568d5475745b19bf44f9e939de) Importer(815301076,1909f56bfc062723c751e8b465ee728b)
Start importing Assets/Prefabs/Surfer.prefab using Guid(672363568d5475745b19bf44f9e939de) Importer(815301076,1909f56bfc062723c751e8b465ee728b)  -> (artifact id: '7f0f024e61ab7eabd4dbf1b64764bedd') in 0.016745 seconds
  Import took 0.019899 seconds .

========================================================================
Received Import Request.
  Time since last request: 4.620656 seconds.
  path: Assets/Prefabs/Surfer.prefab
  artifactKey: Guid(672363568d5475745b19bf44f9e939de) Importer(815301076,1909f56bfc062723c751e8b465ee728b)
Start importing Assets/Prefabs/Surfer.prefab using Guid(672363568d5475745b19bf44f9e939de) Importer(815301076,1909f56bfc062723c751e8b465ee728b)  -> (artifact id: 'd6310cbdd7a758dd26e5e9efc94c1264') in 0.017864 seconds
  Import took 0.020660 seconds .

========================================================================
Received Import Request.
  Time since last request: 6.456749 seconds.
  path: Assets/Prefabs/Surfer.prefab
  artifactKey: Guid(672363568d5475745b19bf44f9e939de) Importer(815301076,1909f56bfc062723c751e8b465ee728b)
Start importing Assets/Prefabs/Surfer.prefab using Guid(672363568d5475745b19bf44f9e939de) Importer(815301076,1909f56bfc062723c751e8b465ee728b)  -> (artifact id: 'e10e33ee37cea986af8a1c24d6d90e4a') in 0.013812 seconds
  Import took 0.016388 seconds .

========================================================================
Received Import Request.
  Time since last request: 0.398723 seconds.
  path: Assets/Prefabs/Surfer.prefab
  artifactKey: Guid(672363568d5475745b19bf44f9e939de) Importer(815301076,1909f56bfc062723c751e8b465ee728b)
Start importing Assets/Prefabs/Surfer.prefab using Guid(672363568d5475745b19bf44f9e939de) Importer(815301076,1909f56bfc062723c751e8b465ee728b)  -> (artifact id: '3de16da2ce492e8ef51b6d8d2e5a54cd') in 0.012761 seconds
  Import took 0.015524 seconds .

========================================================================
Received Import Request.
  Time since last request: 1.196351 seconds.
  path: Assets/Prefabs/Surfer.prefab
  artifactKey: Guid(672363568d5475745b19bf44f9e939de) Importer(815301076,1909f56bfc062723c751e8b465ee728b)
Start importing Assets/Prefabs/Surfer.prefab using Guid(672363568d5475745b19bf44f9e939de) Importer(815301076,1909f56bfc062723c751e8b465ee728b)  -> (artifact id: '0dafc2664d17670a425f5c8ead76d415') in 0.014124 seconds
  Import took 0.016651 seconds .

========================================================================
Received Import Request.
  Time since last request: 2.225657 seconds.
  path: Assets/Prefabs/Surfer.prefab
  artifactKey: Guid(672363568d5475745b19bf44f9e939de) Importer(815301076,1909f56bfc062723c751e8b465ee728b)
Start importing Assets/Prefabs/Surfer.prefab using Guid(672363568d5475745b19bf44f9e939de) Importer(815301076,1909f56bfc062723c751e8b465ee728b)  -> (artifact id: '3d030e811bda240a53394a7175a93feb') in 0.014251 seconds
  Import took 0.017095 seconds .

========================================================================
Received Import Request.
  Time since last request: 7.473850 seconds.
  path: Assets/Prefabs/Surfer.prefab
  artifactKey: Guid(672363568d5475745b19bf44f9e939de) Importer(815301076,1909f56bfc062723c751e8b465ee728b)
Start importing Assets/Prefabs/Surfer.prefab using Guid(672363568d5475745b19bf44f9e939de) Importer(815301076,1909f56bfc062723c751e8b465ee728b)  -> (artifact id: 'a76cbe41d17c008db2b119690e257d89') in 0.014558 seconds
  Import took 0.017469 seconds .

========================================================================
Received Import Request.
  Time since last request: 6.428689 seconds.
  path: Assets/Prefabs/Surfer.prefab
  artifactKey: Guid(672363568d5475745b19bf44f9e939de) Importer(815301076,1909f56bfc062723c751e8b465ee728b)
Start importing Assets/Prefabs/Surfer.prefab using Guid(672363568d5475745b19bf44f9e939de) Importer(815301076,1909f56bfc062723c751e8b465ee728b)  -> (artifact id: 'f0c4a6d3e76a69175180d5d437bf1ac8') in 0.014485 seconds
  Import took 0.017751 seconds .

========================================================================
Received Import Request.
  Time since last request: 4.021774 seconds.
  path: Assets/Prefabs/Surfer.prefab
  artifactKey: Guid(672363568d5475745b19bf44f9e939de) Importer(815301076,1909f56bfc062723c751e8b465ee728b)
Start importing Assets/Prefabs/Surfer.prefab using Guid(672363568d5475745b19bf44f9e939de) Importer(815301076,1909f56bfc062723c751e8b465ee728b)  -> (artifact id: '30a4c244b2d339d9e1e10979b2ad66f2') in 0.015138 seconds
  Import took 0.017948 seconds .

========================================================================
Received Import Request.
  Time since last request: 13.340932 seconds.
  path: Assets/Prefabs/Surfer.prefab
  artifactKey: Guid(672363568d5475745b19bf44f9e939de) Importer(815301076,1909f56bfc062723c751e8b465ee728b)
Start importing Assets/Prefabs/Surfer.prefab using Guid(672363568d5475745b19bf44f9e939de) Importer(815301076,1909f56bfc062723c751e8b465ee728b)  -> (artifact id: '671d84a86baa448a997e0d41d4f28e19') in 0.023216 seconds
  Import took 0.026711 seconds .

========================================================================
Received Prepare
Registering precompiled user dll's ...
Registered in 0.000946 seconds.
Begin MonoManager ReloadAssembly
Native extension for WindowsStandalone target not found
Native extension for WebGL target not found
Refreshing native plugins compatible for Editor in 0.27 ms, found 0 plugins.
Preloading 0 native plugins for Editor in 0.00 ms.
Invoked RoslynAnalysisRunner static constructor.
RoslynAnalysisRunner will not be running.
RoslynAnalysisRunner has terminated.
Mono: successfully reloaded assembly
- Completed reload, in  1.287 seconds
Platform modules already initialized, skipping
Refreshing native plugins compatible for Editor in 0.28 ms, found 0 plugins.
Preloading 0 native plugins for Editor in 0.00 ms.
Unloading 1136 Unused Serialized files (Serialized files now loaded: 0)
System memory in use before: 63.7 MB.
System memory in use after: 63.7 MB.

Unloading 6 unused Assets to reduce memory usage. Loaded Objects now: 1637.
Total: 1.996000 ms (FindLiveObjects: 0.192100 ms CreateObjectMapping: 0.048100 ms MarkObjects: 1.693700 ms  DeleteObjects: 0.060800 ms)

========================================================================
Received Import Request.
  Time since last request: 21.665814 seconds.
  path: Assets/Prefabs/Surfer.prefab
  artifactKey: Guid(672363568d5475745b19bf44f9e939de) Importer(815301076,1909f56bfc062723c751e8b465ee728b)
Start importing Assets/Prefabs/Surfer.prefab using Guid(672363568d5475745b19bf44f9e939de) Importer(815301076,1909f56bfc062723c751e8b465ee728b)  -> (artifact id: '41e2eefbf8879246ff6c05655f30722c') in 0.060871 seconds
  Import took 0.063562 seconds .

========================================================================
Received Import Request.
  Time since last request: 3.506059 seconds.
  path: Assets/Prefabs/Surfer.prefab
  artifactKey: Guid(672363568d5475745b19bf44f9e939de) Importer(815301076,1909f56bfc062723c751e8b465ee728b)
Start importing Assets/Prefabs/Surfer.prefab using Guid(672363568d5475745b19bf44f9e939de) Importer(815301076,1909f56bfc062723c751e8b465ee728b)  -> (artifact id: '41e2eefbf8879246ff6c05655f30722c') in 0.010368 seconds
  Import took 0.013239 seconds .

========================================================================
Received Prepare
Registering precompiled user dll's ...
Registered in 0.000967 seconds.
Begin MonoManager ReloadAssembly
Native extension for WindowsStandalone target not found
Native extension for WebGL target not found
Refreshing native plugins compatible for Editor in 0.28 ms, found 0 plugins.
Preloading 0 native plugins for Editor in 0.00 ms.
Invoked RoslynAnalysisRunner static constructor.
RoslynAnalysisRunner will not be running.
RoslynAnalysisRunner has terminated.
Mono: successfully reloaded assembly
- Completed reload, in  1.353 seconds
Platform modules already initialized, skipping
Refreshing native plugins compatible for Editor in 0.27 ms, found 0 plugins.
Preloading 0 native plugins for Editor in 0.00 ms.
Unloading 1136 Unused Serialized files (Serialized files now loaded: 0)
System memory in use before: 63.2 MB.
System memory in use after: 63.2 MB.

Unloading 6 unused Assets to reduce memory usage. Loaded Objects now: 1640.
Total: 2.719500 ms (FindLiveObjects: 0.225400 ms CreateObjectMapping: 0.058800 ms MarkObjects: 2.357600 ms  DeleteObjects: 0.076300 ms)

========================================================================
Received Prepare
Registering precompiled user dll's ...
Registered in 0.000874 seconds.
Begin MonoManager ReloadAssembly
Native extension for WindowsStandalone target not found
Native extension for WebGL target not found
Refreshing native plugins compatible for Editor in 0.28 ms, found 0 plugins.
Preloading 0 native plugins for Editor in 0.00 ms.
Invoked RoslynAnalysisRunner static constructor.
RoslynAnalysisRunner will not be running.
RoslynAnalysisRunner has terminated.
Mono: successfully reloaded assembly
- Completed reload, in  1.321 seconds
Platform modules already initialized, skipping
Refreshing native plugins compatible for Editor in 0.26 ms, found 0 plugins.
Preloading 0 native plugins for Editor in 0.00 ms.
Unloading 1136 Unused Serialized files (Serialized files now loaded: 0)
System memory in use before: 63.5 MB.
System memory in use after: 63.5 MB.

Unloading 5 unused Assets to reduce memory usage. Loaded Objects now: 1642.
Total: 2.066000 ms (FindLiveObjects: 0.210000 ms CreateObjectMapping: 0.045700 ms MarkObjects: 1.745400 ms  DeleteObjects: 0.063800 ms)

========================================================================
Received Prepare
Registering precompiled user dll's ...
Registered in 0.001155 seconds.
Begin MonoManager ReloadAssembly
Native extension for WindowsStandalone target not found
Native extension for WebGL target not found
Refreshing native plugins compatible for Editor in 0.32 ms, found 0 plugins.
Preloading 0 native plugins for Editor in 0.00 ms.
Invoked RoslynAnalysisRunner static constructor.
RoslynAnalysisRunner will not be running.
RoslynAnalysisRunner has terminated.
Mono: successfully reloaded assembly
- Completed reload, in  1.326 seconds
Platform modules already initialized, skipping
Refreshing native plugins compatible for Editor in 0.29 ms, found 0 plugins.
Preloading 0 native plugins for Editor in 0.00 ms.
Unloading 1136 Unused Serialized files (Serialized files now loaded: 0)
System memory in use before: 63.7 MB.
System memory in use after: 63.8 MB.

Unloading 5 unused Assets to reduce memory usage. Loaded Objects now: 1644.
Total: 1.837400 ms (FindLiveObjects: 0.163300 ms CreateObjectMapping: 0.039500 ms MarkObjects: 1.579400 ms  DeleteObjects: 0.054000 ms)

========================================================================
Received Prepare
Registering precompiled user dll's ...
Registered in 0.000990 seconds.
Begin MonoManager ReloadAssembly
Native extension for WindowsStandalone target not found
Native extension for WebGL target not found
Refreshing native plugins compatible for Editor in 0.27 ms, found 0 plugins.
Preloading 0 native plugins for Editor in 0.00 ms.
Invoked RoslynAnalysisRunner static constructor.
RoslynAnalysisRunner will not be running.
RoslynAnalysisRunner has terminated.
Mono: successfully reloaded assembly
- Completed reload, in  1.403 seconds
Platform modules already initialized, skipping
Refreshing native plugins compatible for Editor in 0.42 ms, found 0 plugins.
Preloading 0 native plugins for Editor in 0.00 ms.
Unloading 1136 Unused Serialized files (Serialized files now loaded: 0)
System memory in use before: 63.1 MB.
System memory in use after: 63.1 MB.

Unloading 5 unused Assets to reduce memory usage. Loaded Objects now: 1646.
Total: 2.134900 ms (FindLiveObjects: 0.229800 ms CreateObjectMapping: 0.051600 ms MarkObjects: 1.789500 ms  DeleteObjects: 0.062700 ms)

========================================================================
Received Import Request.
  Time since last request: 371.979542 seconds.
  path: Assets/Level/Path Creator.prefab
  artifactKey: Guid(35939c46b59aa4546bc13c66160df4df) Importer(815301076,1909f56bfc062723c751e8b465ee728b)
Start importing Assets/Level/Path Creator.prefab using Guid(35939c46b59aa4546bc13c66160df4df) Importer(815301076,1909f56bfc062723c751e8b465ee728b)  -> (artifact id: 'dad5bad3b0886c0869945e4926f2eb76') in 0.029583 seconds
  Import took 0.032372 seconds .

========================================================================
Received Import Request.
  Time since last request: 13.958048 seconds.
  path: Assets/Scripts/UI/PingPong.cs
  artifactKey: Guid(c7f0b1701af858e4997a705b041e2603) Importer(815301076,1909f56bfc062723c751e8b465ee728b)
Start importing Assets/Scripts/UI/PingPong.cs using Guid(c7f0b1701af858e4997a705b041e2603) Importer(815301076,1909f56bfc062723c751e8b465ee728b)  -> (artifact id: 'f788c8b5a558caf7d820fba38a61e3f0') in 0.007696 seconds
  Import took 0.010502 seconds .

========================================================================
Received Prepare
Registering precompiled user dll's ...
Registered in 0.000956 seconds.
Begin MonoManager ReloadAssembly
Native extension for WindowsStandalone target not found
Native extension for WebGL target not found
Refreshing native plugins compatible for Editor in 0.35 ms, found 0 plugins.
Preloading 0 native plugins for Editor in 0.00 ms.
Invoked RoslynAnalysisRunner static constructor.
RoslynAnalysisRunner will not be running.
RoslynAnalysisRunner has terminated.
Mono: successfully reloaded assembly
- Completed reload, in  1.440 seconds
Platform modules already initialized, skipping
Refreshing native plugins compatible for Editor in 0.27 ms, found 0 plugins.
Preloading 0 native plugins for Editor in 0.00 ms.
Unloading 1137 Unused Serialized files (Serialized files now loaded: 0)
System memory in use before: 63.4 MB.
System memory in use after: 63.5 MB.

Unloading 5 unused Assets to reduce memory usage. Loaded Objects now: 1649.
Total: 1.799700 ms (FindLiveObjects: 0.164200 ms CreateObjectMapping: 0.040100 ms MarkObjects: 1.534400 ms  DeleteObjects: 0.059900 ms)

========================================================================
Received Import Request.
  Time since last request: 248.395697 seconds.
  path: Assets/Scripts/UI/PingPong.cs
  artifactKey: Guid(c7f0b1701af858e4997a705b041e2603) Importer(815301076,1909f56bfc062723c751e8b465ee728b)
Start importing Assets/Scripts/UI/PingPong.cs using Guid(c7f0b1701af858e4997a705b041e2603) Importer(815301076,1909f56bfc062723c751e8b465ee728b)  -> (artifact id: 'ef0bb22e63333a03e3b90a87c9f7dfb5') in 0.007149 seconds
  Import took 0.010130 seconds .

========================================================================
Received Prepare
Registering precompiled user dll's ...
Registered in 0.000842 seconds.
Begin MonoManager ReloadAssembly
Native extension for WindowsStandalone target not found
Native extension for WebGL target not found
Refreshing native plugins compatible for Editor in 0.27 ms, found 0 plugins.
Preloading 0 native plugins for Editor in 0.00 ms.
Invoked RoslynAnalysisRunner static constructor.
RoslynAnalysisRunner will not be running.
RoslynAnalysisRunner has terminated.
Mono: successfully reloaded assembly
- Completed reload, in  1.389 seconds
Platform modules already initialized, skipping
Refreshing native plugins compatible for Editor in 0.29 ms, found 0 plugins.
Preloading 0 native plugins for Editor in 0.00 ms.
Unloading 1137 Unused Serialized files (Serialized files now loaded: 0)
System memory in use before: 63.7 MB.
System memory in use after: 63.8 MB.

Unloading 5 unused Assets to reduce memory usage. Loaded Objects now: 1651.
Total: 2.024200 ms (FindLiveObjects: 0.263700 ms CreateObjectMapping: 0.043400 ms MarkObjects: 1.653200 ms  DeleteObjects: 0.061900 ms)

========================================================================
Received Import Request.
  Time since last request: 13.640576 seconds.
  path: Assets/Scripts/UI/PingPong.cs
  artifactKey: Guid(c7f0b1701af858e4997a705b041e2603) Importer(815301076,1909f56bfc062723c751e8b465ee728b)
Start importing Assets/Scripts/UI/PingPong.cs using Guid(c7f0b1701af858e4997a705b041e2603) Importer(815301076,1909f56bfc062723c751e8b465ee728b)  -> (artifact id: 'd86b5423e942980cfe971a178beffc10') in 0.005372 seconds
  Import took 0.007773 seconds .

========================================================================
Received Prepare
Registering precompiled user dll's ...
Registered in 0.000920 seconds.
Begin MonoManager ReloadAssembly
Native extension for WindowsStandalone target not found
Native extension for WebGL target not found
Refreshing native plugins compatible for Editor in 0.31 ms, found 0 plugins.
Preloading 0 native plugins for Editor in 0.00 ms.
Invoked RoslynAnalysisRunner static constructor.
RoslynAnalysisRunner will not be running.
RoslynAnalysisRunner has terminated.
Mono: successfully reloaded assembly
- Completed reload, in  1.467 seconds
Platform modules already initialized, skipping
Refreshing native plugins compatible for Editor in 0.27 ms, found 0 plugins.
Preloading 0 native plugins for Editor in 0.00 ms.
Unloading 1137 Unused Serialized files (Serialized files now loaded: 0)
System memory in use before: 63.7 MB.
System memory in use after: 63.8 MB.

Unloading 5 unused Assets to reduce memory usage. Loaded Objects now: 1653.
Total: 2.223100 ms (FindLiveObjects: 0.278900 ms CreateObjectMapping: 0.062800 ms MarkObjects: 1.805200 ms  DeleteObjects: 0.074700 ms)

========================================================================
Received Prepare
Registering precompiled user dll's ...
Registered in 0.000920 seconds.
Begin MonoManager ReloadAssembly
Native extension for WindowsStandalone target not found
Native extension for WebGL target not found
Refreshing native plugins compatible for Editor in 0.32 ms, found 0 plugins.
Preloading 0 native plugins for Editor in 0.00 ms.
Invoked RoslynAnalysisRunner static constructor.
RoslynAnalysisRunner will not be running.
RoslynAnalysisRunner has terminated.
Mono: successfully reloaded assembly
- Completed reload, in  1.505 seconds
Platform modules already initialized, skipping
Refreshing native plugins compatible for Editor in 0.28 ms, found 0 plugins.
Preloading 0 native plugins for Editor in 0.00 ms.
Unloading 1137 Unused Serialized files (Serialized files now loaded: 0)
System memory in use before: 63.3 MB.
System memory in use after: 63.4 MB.

Unloading 5 unused Assets to reduce memory usage. Loaded Objects now: 1655.
Total: 1.820000 ms (FindLiveObjects: 0.164400 ms CreateObjectMapping: 0.041800 ms MarkObjects: 1.543300 ms  DeleteObjects: 0.069200 ms)

========================================================================
Received Prepare
Registering precompiled user dll's ...
Registered in 0.001041 seconds.
Begin MonoManager ReloadAssembly
Native extension for WindowsStandalone target not found
Native extension for WebGL target not found
Refreshing native plugins compatible for Editor in 0.28 ms, found 0 plugins.
Preloading 0 native plugins for Editor in 0.00 ms.
Invoked RoslynAnalysisRunner static constructor.
RoslynAnalysisRunner will not be running.
RoslynAnalysisRunner has terminated.
Mono: successfully reloaded assembly
- Completed reload, in  1.470 seconds
Platform modules already initialized, skipping
Refreshing native plugins compatible for Editor in 0.27 ms, found 0 plugins.
Preloading 0 native plugins for Editor in 0.00 ms.
Unloading 1137 Unused Serialized files (Serialized files now loaded: 0)
System memory in use before: 63.6 MB.
System memory in use after: 63.7 MB.

Unloading 5 unused Assets to reduce memory usage. Loaded Objects now: 1657.
Total: 1.980600 ms (FindLiveObjects: 0.232100 ms CreateObjectMapping: 0.060000 ms MarkObjects: 1.631800 ms  DeleteObjects: 0.055400 ms)

========================================================================
Received Prepare
Registering precompiled user dll's ...
Registered in 0.000971 seconds.
Begin MonoManager ReloadAssembly
Native extension for WindowsStandalone target not found
Native extension for WebGL target not found
Refreshing native plugins compatible for Editor in 0.26 ms, found 0 plugins.
Preloading 0 native plugins for Editor in 0.00 ms.
Invoked RoslynAnalysisRunner static constructor.
RoslynAnalysisRunner will not be running.
RoslynAnalysisRunner has terminated.
Mono: successfully reloaded assembly
- Completed reload, in  1.515 seconds
Platform modules already initialized, skipping
Refreshing native plugins compatible for Editor in 0.28 ms, found 0 plugins.
Preloading 0 native plugins for Editor in 0.00 ms.
Unloading 1137 Unused Serialized files (Serialized files now loaded: 0)
System memory in use before: 63.7 MB.
System memory in use after: 63.8 MB.

Unloading 5 unused Assets to reduce memory usage. Loaded Objects now: 1659.
Total: 2.110300 ms (FindLiveObjects: 0.294800 ms CreateObjectMapping: 0.098300 ms MarkObjects: 1.647100 ms  DeleteObjects: 0.068800 ms)

========================================================================
Received Prepare
Registering precompiled user dll's ...
Registered in 0.000863 seconds.
Begin MonoManager ReloadAssembly
Native extension for WindowsStandalone target not found
Native extension for WebGL target not found
Refreshing native plugins compatible for Editor in 0.27 ms, found 0 plugins.
Preloading 0 native plugins for Editor in 0.00 ms.
Invoked RoslynAnalysisRunner static constructor.
RoslynAnalysisRunner will not be running.
RoslynAnalysisRunner has terminated.
Mono: successfully reloaded assembly
- Completed reload, in  1.464 seconds
Platform modules already initialized, skipping
Refreshing native plugins compatible for Editor in 0.26 ms, found 0 plugins.
Preloading 0 native plugins for Editor in 0.00 ms.
Unloading 1137 Unused Serialized files (Serialized files now loaded: 0)
System memory in use before: 63.2 MB.
System memory in use after: 63.3 MB.

Unloading 5 unused Assets to reduce memory usage. Loaded Objects now: 1661.
Total: 2.089200 ms (FindLiveObjects: 0.330800 ms CreateObjectMapping: 0.062800 ms MarkObjects: 1.636900 ms  DeleteObjects: 0.056100 ms)

========================================================================
Received Prepare
Registering precompiled user dll's ...
Registered in 0.001047 seconds.
Begin MonoManager ReloadAssembly
Native extension for WindowsStandalone target not found
Native extension for WebGL target not found
Refreshing native plugins compatible for Editor in 0.27 ms, found 0 plugins.
Preloading 0 native plugins for Editor in 0.00 ms.
Invoked RoslynAnalysisRunner static constructor.
RoslynAnalysisRunner will not be running.
RoslynAnalysisRunner has terminated.
Mono: successfully reloaded assembly
- Completed reload, in  1.531 seconds
Platform modules already initialized, skipping
Refreshing native plugins compatible for Editor in 0.27 ms, found 0 plugins.
Preloading 0 native plugins for Editor in 0.00 ms.
Unloading 1137 Unused Serialized files (Serialized files now loaded: 0)
System memory in use before: 63.5 MB.
System memory in use after: 63.5 MB.

Unloading 5 unused Assets to reduce memory usage. Loaded Objects now: 1663.
Total: 1.945400 ms (FindLiveObjects: 0.223100 ms CreateObjectMapping: 0.043500 ms MarkObjects: 1.621700 ms  DeleteObjects: 0.055800 ms)

========================================================================
Received Prepare
Registering precompiled user dll's ...
Registered in 0.000879 seconds.
Begin MonoManager ReloadAssembly
Native extension for WindowsStandalone target not found
Native extension for WebGL target not found
Refreshing native plugins compatible for Editor in 0.29 ms, found 0 plugins.
Preloading 0 native plugins for Editor in 0.00 ms.
Invoked RoslynAnalysisRunner static constructor.
RoslynAnalysisRunner will not be running.
RoslynAnalysisRunner has terminated.
Mono: successfully reloaded assembly
- Completed reload, in  1.573 seconds
Platform modules already initialized, skipping
Refreshing native plugins compatible for Editor in 0.28 ms, found 0 plugins.
Preloading 0 native plugins for Editor in 0.00 ms.
Unloading 1137 Unused Serialized files (Serialized files now loaded: 0)
System memory in use before: 63.7 MB.
System memory in use after: 63.8 MB.

Unloading 5 unused Assets to reduce memory usage. Loaded Objects now: 1665.
Total: 2.703000 ms (FindLiveObjects: 0.201400 ms CreateObjectMapping: 0.044100 ms MarkObjects: 2.376900 ms  DeleteObjects: 0.079000 ms)

========================================================================
Received Prepare
Registering precompiled user dll's ...
Registered in 0.001531 seconds.
Begin MonoManager ReloadAssembly
Native extension for WindowsStandalone target not found
Native extension for WebGL target not found
Refreshing native plugins compatible for Editor in 0.36 ms, found 0 plugins.
Preloading 0 native plugins for Editor in 0.00 ms.
Invoked RoslynAnalysisRunner static constructor.
RoslynAnalysisRunner will not be running.
RoslynAnalysisRunner has terminated.
Mono: successfully reloaded assembly
- Completed reload, in  1.522 seconds
Platform modules already initialized, skipping
Refreshing native plugins compatible for Editor in 0.36 ms, found 0 plugins.
Preloading 0 native plugins for Editor in 0.00 ms.
Unloading 1137 Unused Serialized files (Serialized files now loaded: 0)
System memory in use before: 63.1 MB.
System memory in use after: 63.1 MB.

Unloading 5 unused Assets to reduce memory usage. Loaded Objects now: 1667.
Total: 2.131000 ms (FindLiveObjects: 0.194200 ms CreateObjectMapping: 0.039700 ms MarkObjects: 1.825300 ms  DeleteObjects: 0.070300 ms)

========================================================================
Received Prepare
Registering precompiled user dll's ...
Registered in 0.000750 seconds.
Begin MonoManager ReloadAssembly
Native extension for WindowsStandalone target not found
Native extension for WebGL target not found
Refreshing native plugins compatible for Editor in 0.28 ms, found 0 plugins.
Preloading 0 native plugins for Editor in 0.00 ms.
Invoked RoslynAnalysisRunner static constructor.
RoslynAnalysisRunner will not be running.
RoslynAnalysisRunner has terminated.
Mono: successfully reloaded assembly
- Completed reload, in  1.617 seconds
Platform modules already initialized, skipping
Refreshing native plugins compatible for Editor in 0.27 ms, found 0 plugins.
Preloading 0 native plugins for Editor in 0.00 ms.
Unloading 1137 Unused Serialized files (Serialized files now loaded: 0)
System memory in use before: 63.4 MB.
System memory in use after: 63.5 MB.

Unloading 5 unused Assets to reduce memory usage. Loaded Objects now: 1669.
Total: 1.985000 ms (FindLiveObjects: 0.166600 ms CreateObjectMapping: 0.042500 ms MarkObjects: 1.719900 ms  DeleteObjects: 0.054900 ms)

========================================================================
Received Prepare
Registering precompiled user dll's ...
Registered in 0.000879 seconds.
Begin MonoManager ReloadAssembly
Native extension for WindowsStandalone target not found
Native extension for WebGL target not found
Refreshing native plugins compatible for Editor in 0.27 ms, found 0 plugins.
Preloading 0 native plugins for Editor in 0.00 ms.
Invoked RoslynAnalysisRunner static constructor.
RoslynAnalysisRunner will not be running.
RoslynAnalysisRunner has terminated.
Mono: successfully reloaded assembly
- Completed reload, in  1.599 seconds
Platform modules already initialized, skipping
Refreshing native plugins compatible for Editor in 0.26 ms, found 0 plugins.
Preloading 0 native plugins for Editor in 0.00 ms.
Unloading 1137 Unused Serialized files (Serialized files now loaded: 0)
System memory in use before: 63.7 MB.
System memory in use after: 63.8 MB.

Unloading 5 unused Assets to reduce memory usage. Loaded Objects now: 1671.
Total: 2.056000 ms (FindLiveObjects: 0.317200 ms CreateObjectMapping: 0.065200 ms MarkObjects: 1.616000 ms  DeleteObjects: 0.056300 ms)

========================================================================
Received Prepare
Registering precompiled user dll's ...
Registered in 0.000922 seconds.
Begin MonoManager ReloadAssembly
Native extension for WindowsStandalone target not found
Native extension for WebGL target not found
Refreshing native plugins compatible for Editor in 0.26 ms, found 0 plugins.
Preloading 0 native plugins for Editor in 0.00 ms.
Invoked RoslynAnalysisRunner static constructor.
RoslynAnalysisRunner will not be running.
RoslynAnalysisRunner has terminated.
Mono: successfully reloaded assembly
- Completed reload, in  1.608 seconds
Platform modules already initialized, skipping
Refreshing native plugins compatible for Editor in 0.27 ms, found 0 plugins.
Preloading 0 native plugins for Editor in 0.00 ms.
Unloading 1137 Unused Serialized files (Serialized files now loaded: 0)
System memory in use before: 63.8 MB.
System memory in use after: 63.8 MB.

Unloading 5 unused Assets to reduce memory usage. Loaded Objects now: 1673.
Total: 2.199100 ms (FindLiveObjects: 0.259400 ms CreateObjectMapping: 0.043300 ms MarkObjects: 1.839600 ms  DeleteObjects: 0.055600 ms)

========================================================================
Received Prepare
Refreshing native plugins compatible for Editor in 1.00 ms, found 0 plugins.
Preloading 0 native plugins for Editor in 0.00 ms.
Unloading 6 Unused Serialized files (Serialized files now loaded: 0)
System memory in use before: 40.6 MB.
System memory in use after: 40.6 MB.

Unloading 3 unused Assets to reduce memory usage. Loaded Objects now: 1673.
Total: 2.012400 ms (FindLiveObjects: 0.174200 ms CreateObjectMapping: 0.044200 ms MarkObjects: 1.739300 ms  DeleteObjects: 0.053400 ms)

========================================================================
Received Import Request.
  Time since last request: 782.834774 seconds.
  path: Assets/Sounds/Kids shouting yay! _ sound effect (online-audio-converter.com).wav
  artifactKey: Guid(68fcdd4590970fd46ba21af61a1b5e2c) Importer(815301076,1909f56bfc062723c751e8b465ee728b)
Start importing Assets/Sounds/Kids shouting yay! _ sound effect (online-audio-converter.com).wav using Guid(68fcdd4590970fd46ba21af61a1b5e2c) Importer(815301076,1909f56bfc062723c751e8b465ee728b)  -> (artifact id: 'c763787fed358681d476c0f2cd714083') in 0.072258 seconds
  Import took 0.075686 seconds .

========================================================================
Received Prepare
Registering precompiled user dll's ...
Registered in 0.000919 seconds.
Begin MonoManager ReloadAssembly
Native extension for WindowsStandalone target not found
Native extension for WebGL target not found
Refreshing native plugins compatible for Editor in 0.29 ms, found 0 plugins.
Preloading 0 native plugins for Editor in 0.00 ms.
Invoked RoslynAnalysisRunner static constructor.
RoslynAnalysisRunner will not be running.
RoslynAnalysisRunner has terminated.
Mono: successfully reloaded assembly
- Completed reload, in  1.637 seconds
Platform modules already initialized, skipping
Refreshing native plugins compatible for Editor in 0.26 ms, found 0 plugins.
Preloading 0 native plugins for Editor in 0.00 ms.
Unloading 1136 Unused Serialized files (Serialized files now loaded: 0)
System memory in use before: 63.5 MB.
System memory in use after: 63.6 MB.

Unloading 5 unused Assets to reduce memory usage. Loaded Objects now: 1678.
Total: 4.486600 ms (FindLiveObjects: 0.535900 ms CreateObjectMapping: 0.109500 ms MarkObjects: 3.759600 ms  DeleteObjects: 0.079700 ms)

========================================================================
Received Prepare
Registering precompiled user dll's ...
Registered in 0.001047 seconds.
Begin MonoManager ReloadAssembly
Native extension for WindowsStandalone target not found
Native extension for WebGL target not found
Refreshing native plugins compatible for Editor in 0.29 ms, found 0 plugins.
Preloading 0 native plugins for Editor in 0.00 ms.
Invoked RoslynAnalysisRunner static constructor.
RoslynAnalysisRunner will not be running.
RoslynAnalysisRunner has terminated.
Mono: successfully reloaded assembly
- Completed reload, in  1.724 seconds
Platform modules already initialized, skipping
Refreshing native plugins compatible for Editor in 0.28 ms, found 0 plugins.
Preloading 0 native plugins for Editor in 0.00 ms.
Unloading 1137 Unused Serialized files (Serialized files now loaded: 0)
System memory in use before: 63.8 MB.
System memory in use after: 63.9 MB.

Unloading 5 unused Assets to reduce memory usage. Loaded Objects now: 1680.
Total: 1.765400 ms (FindLiveObjects: 0.155600 ms CreateObjectMapping: 0.039700 ms MarkObjects: 1.514400 ms  DeleteObjects: 0.054200 ms)

========================================================================
Received Prepare
Refreshing native plugins compatible for Editor in 0.67 ms, found 0 plugins.
Preloading 0 native plugins for Editor in 0.00 ms.
Unloading 6 Unused Serialized files (Serialized files now loaded: 0)
System memory in use before: 41.2 MB.
System memory in use after: 41.3 MB.

Unloading 3 unused Assets to reduce memory usage. Loaded Objects now: 1680.
Total: 1.786400 ms (FindLiveObjects: 0.193700 ms CreateObjectMapping: 0.041500 ms MarkObjects: 1.496800 ms  DeleteObjects: 0.053100 ms)

AssetImportWorkerClient::OnTransportError - code=2 error=End of file
